
e3122d947b10423da95ed3e2561bf173-----------------------------2017-12-22 20:49:04.1227---------------------------
/Service/InternalService.ashx?t=QueryReturnOrder&status=created&_=1513946931541

2b7eb1e5e4e44a3faf9920a8651f54ad-----------------------------2017-12-22 20:49:04.1227---------------------------
/Service/InternalService.ashx?t=QueryReturnOrder&status=created&_=1513946931540

ae9b74cebcd44523bad92822e07a2df0-----------------------------2017-12-22 20:49:04.2437---------------------------
请求地址:https://merchant-api.jet.com/api/returns/created

2cf79bb7c0d148948facd6de7b4e68bf-----------------------------2017-12-22 20:49:04.2437---------------------------
请求地址:https://merchant-api.jet.com/api/returns/created

f9659a723c56400899e6798ad0fbf9aa-----------------------------2017-12-22 20:49:06.8309---------------------------
请求地址:https://merchant-api.jet.com/api/token,发送报文:{ "user":"9BD7AA25D356387250E97564D2B91B4A29E7B677","pass":"G/93glgnE+S2tRhvyE9/RavsBZMR385jqRl+o+172T3T" }

78b6b990777f4264954dd35a6938bdde-----------------------------2017-12-22 20:49:07.3449---------------------------
请求地址:https://merchant-api.jet.com/api/token,发送报文:{ "user":"9BD7AA25D356387250E97564D2B91B4A29E7B677","pass":"G/93glgnE+S2tRhvyE9/RavsBZMR385jqRl+o+172T3T" }

b799dd0958a748cbb6d1c6cca4d3699f-----------------------------2017-12-22 20:49:07.9829---------------------------
请求服务获得返回:{
  "id_token": "eyJ0eXAiOiJKV1QiLCJhbGciOiJSUzI1NiIsIng1dCI6IldscUZYb2E1WkxSQ0hldmxwa1BHOVdHS0JrMCJ9.eyJpc19zYW5kYm94X3VpZCI6InRydWUiLCJtZXJjaGFudF9pZCI6ImM0OTA4MjFhM2VlZDRjNzRiMTUzNTVhYTUwM2Q4ZGQ3IiwicGFydG5lcl90eXBlIjoiTWVyY2hhbnQiLCJzY29wZSI6Imlyb25tYW4tYXBpIiwiaXNzIjoiamV0LmNvbSIsImV4cCI6MTUxMzk4Mjk0NiwibmJmIjoxNTEzOTQ2OTQ2fQ.rNgntgYqR3teUbAFnN20aPdmSvn5GdmhN2AVgoSHrnX0cYx_fbipqwcJa2r2WgxN6invVx267Zh1X_Xuk31GkSVBB5YELUsNUFjiNKLwgRxi6fwQQ4pwcIRfJ0czq8hNCpFVGcWkvdSjiS1KlMo-Wh9yIGOPA7IWp5UvKjtnX8XL8LpM-kY-DEzo7be-hj-jn9qfoP-VZBb2g5LpXUbtu9qnwqXHLmlk3PD-swDRs2KnM-ngXdtk8GoIM1k5jFogSSU7mPlAUI4Xf7_8xO9Vo-9WOLS8bEwp_qyYajfL04L3QFgixf595pc34iwRZK5-AnAjBuBMaB9wzkHWH1RY2ZQWafSXoahg_kGNVNhDwdE8c0d-kSX_zxqksjWiXiu1E2xRtCBknK9yrc2A_EoGYtAOqp2Ddvq8ilHcJoX2Ul0cRZwaxtpUwt7He2DHm42JVxgn-4M7dkgoyMZVGI9M0us-0CSFpomQpz1zNR0zBD7Rri2i0ERD3mG_RX_ep9xtiegsqQuaC1HrsSmfg_K8nQueOR7NSPtaJJZqCaYrr5AHFXri6jfS9uJk_0dn67xZME7U6f4DOcSSWSB-MndHw-MRi5eWCHfcbD3PomrntETNPF-XNdbew65wJGXDwqqpCT2v_p_QfvlBRrfezaJ-ZcczUQCpzL8gLxajiGBvPr0",
  "token_type": "Bearer",
  "expires_on": "2017-12-22T22:49:06Z"
}

f29fb60510d24c4fb553850695d6a513-----------------------------2017-12-22 20:49:08.4370---------------------------
请求服务获得返回:{
  "id_token": "eyJ0eXAiOiJKV1QiLCJhbGciOiJSUzI1NiIsIng1dCI6IldscUZYb2E1WkxSQ0hldmxwa1BHOVdHS0JrMCJ9.eyJpc19zYW5kYm94X3VpZCI6InRydWUiLCJtZXJjaGFudF9pZCI6ImM0OTA4MjFhM2VlZDRjNzRiMTUzNTVhYTUwM2Q4ZGQ3IiwicGFydG5lcl90eXBlIjoiTWVyY2hhbnQiLCJzY29wZSI6Imlyb25tYW4tYXBpIiwiaXNzIjoiamV0LmNvbSIsImV4cCI6MTUxMzk4Mjk0NywibmJmIjoxNTEzOTQ2OTQ3fQ.ECYpd4Mg3S1IG0fDaOk1-waTGk8vnDjykXAW8NXnkStl3LDlFok6JlGAtluO3zzVFV48qKaT44EG02MLQgLFksHD9UYirNa_6v11mcwr9qWFJu8s3Ca81Tc3PvtHwLwMKuIieCaou4JP6I3X24UA02FzlHhPhTEZKWNUPrOKOIB_Mp7BvlQOzigjuiGiZX17-GkwrKHJa2tUArK8AoDprbBUdshad_poF914vNwTSDuUnww4KdeUqX5MZwtp28fCWkQoPgyeY5wfXEGyb8_Fgw4vHLHvxFOieBRJ9y4ZOLDOuwOyE1E_lsaXy3cvVmrN6QYr8yfIEaD1dFmsrB-ad0r_gZNX8rmcnKv-QzUY4U1oJzMmkbddnnStYQvLE8L2q01tPhB_KEPceP2HA70xLk9CFlDV44H6BWvFUdC9yf5UKYg8DEsYWTiSSEAVPC6UFLU8llR2AClfxGtqxlalUsAkPluYSgBAyJNi3OYlgV5vlvpYP-D9V67Zl4lZQjjVxKxBeSgcodpJxG7GH_lLo-aGpVnfrK332WcBXmTBz0UePJUXgOszVQj0cDtc0D1twdPsZyslNvzvNOEUHyUwIGXacUB6ub1H8hBs6rT5lxvUVI_-V_CYstIztczYgx5B5dEU5mfDnJU0lC5H2n3DqeD_Skp2KD8HSvedFonnZg8",
  "token_type": "Bearer",
  "expires_on": "2017-12-22T22:49:07Z"
}

b2dac37a9b8c472bb0a13251746392a9-----------------------------2017-12-22 20:53:26.2837---------------------------
/Service/InternalService.ashx?t=QueryReturnOrder&status=created&_=1513946931542

5d1b4dab52894cbf98942005bd1be01b-----------------------------2017-12-22 20:53:26.2837---------------------------
请求地址:https://merchant-api.jet.com/api/returns/created

e4b98ac668ea4ef59d43425330ea1597-----------------------------2017-12-22 20:53:29.0069---------------------------
请求服务获得返回:{
  "return_urls": [
    "/returns/state/50e1e7fc2bba4c219c847eb91ce1d815"
  ]
}

80e6cbbb2f4c43dcbab9ef7038f9b932-----------------------------2017-12-22 20:53:44.4168---------------------------
/Service/InternalService.ashx?t=QueryReturnOrder&status=created&_=1513946931543

d34a21ed53be49928b96b83727bd924c-----------------------------2017-12-22 20:54:08.8652---------------------------
请求地址:https://merchant-api.jet.com/api/returns/created

16f5a9062b3b44e5868889e7ec15b87c-----------------------------2017-12-22 20:54:29.6463---------------------------
请求服务获得返回:{
  "return_urls": [
    "/returns/state/50e1e7fc2bba4c219c847eb91ce1d815"
  ]
}

c19ae02de8684440923c80b46a65fd30-----------------------------2017-12-22 20:54:43.7081---------------------------
/Service/InternalService.ashx?t=QueryReturnOrder&status=created&_=1513946931544

1497eac7228f4b948da29d8d2334118e-----------------------------2017-12-22 20:54:43.7161---------------------------
请求地址:https://merchant-api.jet.com/api/returns/created

4752f8f400bc4beea38eddb6f187896a-----------------------------2017-12-22 20:54:45.0802---------------------------
请求服务获得返回:{
  "return_urls": [
    "/returns/state/50e1e7fc2bba4c219c847eb91ce1d815"
  ]
}

f3e51fee365b495cad8067c4cbe4df3c-----------------------------2017-12-22 20:55:19.1882---------------------------
/Service/InternalService.ashx?t=QueryReturnOrder&status=created&_=1513947317840

f6706871b1e64e40b14e4f726a9ca3c4-----------------------------2017-12-22 20:55:19.1992---------------------------
请求地址:https://merchant-api.jet.com/api/returns/created

f4432f4ece54420f82804a5e59dd4b09-----------------------------2017-12-22 20:55:20.0652---------------------------
请求服务获得返回:{
  "return_urls": [
    "/returns/state/50e1e7fc2bba4c219c847eb91ce1d815"
  ]
}
