
4d5f11b114be45aebd478d44923ab1ff-----------------------------2017-12-19 09:29:32.5821---------------------------
Info/Service/InternalService.ashx?t=SearchSKU&skuId=1233

232f5ea23b464b44a636ea8ffbd1b420-----------------------------2017-12-19 09:29:32.5821---------------------------
Info请求地址:https://merchant-api.jet.com/api/merchant-skus/1233

93ee71c070744b09afd28fcfcfe10e7b-----------------------------2017-12-19 09:29:33.8180---------------------------
Info请求服务获得返回:{
  "alternate_images": [
    {
      "image_url": "http://www.mydomain.com/images/myImage.png",
      "image_slot_id": 1
    },
    {
      "image_url": "http://www.mydomain.com/images/myImage.png",
      "image_slot_id": 2
    }
  ],
  "attributes_node_specific": [
    {
      "attribute_value": "80",
      "attribute_id": 95,
      "attribute_value_unit": "Count"
    },
    {
      "attribute_value": "Aqua",
      "attribute_id": 119
    },
    {
      "attribute_value": "Blue",
      "attribute_id": 2
    }
  ],
  "brand": "My Product's Brand",
  "bullets": [
    "This is bullet line 1",
    "This is bullet line 2"
  ],
  "correlation_id": "map_c58c6f0d52294906a3835ddbefedf0c7",
  "country_of_origin": "U.S.A.",
  "cpsia_cautionary_statements": [
    "choking hazard balloon",
    "choking hazard small parts"
  ],
  "display_height_inches": 14,
  "display_length_inches": 15,
  "display_width_inches": 12,
  "included_bullets": [
    "This is bullet line 1",
    "This is bullet line 2"
  ],
  "inventory_by_fulfillment_node": [
    {
      "fulfillment_node_id": "80a760157ee64efcabda2dd6c0a4f71a",
      "quantity": 100
    }
  ],
  "inventory_last_update": "2017-12-16T02:31:28+00:00",
  "jet_browse_node_id": 1000001,
  "legal_disclaimer_description": "Legal stuff goes here",
  "main_image_url": "http://www.mydomain.com/images/myImage.png",
  "manufacturer": "My Product's Manufacturer",
  "map_implementation": "102",
  "map_price": 6.49,
  "merchant_id": "c490821a3eed4c74b15355aa503d8dd7",
  "merchant_sku": "1233",
  "merchant_sku_id": "88625e1be9d343adaf2b8ff4fa9189e9",
  "mfr_part_number": "AB-9874",
  "msrp": 6.99,
  "multipack_quantity": 12,
  "not_included_bullets": [
    "This is bullet line 1",
    "This is bullet line 2"
  ],
  "number_units_for_price_per_unit": 1,
  "package_height_inches": 12,
  "package_length_inches": 12,
  "package_width_inches": 12,
  "price": 22,
  "price_last_update": "2017-12-12T09:44:44.0000000Z",
  "producer_id": "ironman",
  "product_description": "This is a terrific product that everyone should own.",
  "product_tax_code": "Generic Taxable Product",
  "product_title": "My Product1",
  "prop_65": true,
  "safety_warning": "warning text goes here",
  "shipping_weight_pounds": 10,
  "sku_created_date": "2017-12-12T09:29:35.2843565Z",
  "sku_last_update": "2017-12-16T00:29:20.0000000Z",
  "standard_product_codes": [
    {
      "standard_product_code_type": "UPC",
      "standard_product_code": "123456789012"
    }
  ],
  "status": "Under Jet Review",
  "sub_status": [],
  "swatch_image_url": "http://www.mydomain.com/images/myImage.png",
  "type_of_unit_for_price_per_unit": "each"
}
