
e71071532d9a494e8a3975daa32d7307-----------------------------2017-12-20 12:50:56.6425---------------------------
/Service/InternalService.ashx?t=QueryOrder&status=ready&isCancel=0&nodeId=80a760157ee64efcabda2dd6c0a4f71a&_=1513745432865

1dbfa38e67f44d3e8909c3359381342f-----------------------------2017-12-20 12:50:56.6425---------------------------
/Service/InternalService.ashx?t=QueryOrder&status=ready&isCancel=0&nodeId=80a760157ee64efcabda2dd6c0a4f71a&_=1513745432866

fefeb2c2761341e6945f971464560263-----------------------------2017-12-20 12:50:56.7906---------------------------
请求地址:https://merchant-api.jet.com/api/orders/ready?isCancelled=False&fulfillment_node=80a760157ee64efcabda2dd6c0a4f71a

79076af926ec4420b9c92e5ff82312c1-----------------------------2017-12-20 12:50:56.7906---------------------------
请求地址:https://merchant-api.jet.com/api/orders/ready?isCancelled=False&fulfillment_node=80a760157ee64efcabda2dd6c0a4f71a

c91985704de84a84b9e2fed884f8d9dc-----------------------------2017-12-20 12:51:04.4028---------------------------
/Service/InternalService.ashx?t=QueryOrder&status=ready&isCancel=0&nodeId=80a760157ee64efcabda2dd6c0a4f71a&_=1513745432867

da65a979e0674591835827d4d9d0040a-----------------------------2017-12-20 12:51:04.4028---------------------------
请求地址:https://merchant-api.jet.com/api/orders/ready?isCancelled=False&fulfillment_node=80a760157ee64efcabda2dd6c0a4f71a

f37d1f3c0ef84c6a84e09b024cd5c1b0-----------------------------2017-12-20 12:51:29.5753---------------------------
/Service/InternalService.ashx?t=QueryOrder&status=ready&isCancel=0&nodeId=80a760157ee64efcabda2dd6c0a4f71a&_=1513745432868

cda036eea2264de7b15b800251317a77-----------------------------2017-12-20 12:51:36.0170---------------------------
请求地址:https://merchant-api.jet.com/api/orders/ready?isCancelled=False&fulfillment_node=80a760157ee64efcabda2dd6c0a4f71a

e73a52da38cf4b35b896dc5249f493e0-----------------------------2017-12-20 12:51:52.0236---------------------------
/Service/InternalService.ashx?t=QueryOrder&status=ready&isCancel=0&nodeId=80a760157ee64efcabda2dd6c0a4f71a&_=1513745432869

721d76b1ae14482fa012702ce40dd2d5-----------------------------2017-12-20 12:52:22.3215---------------------------
请求地址:https://merchant-api.jet.com/api/orders/ready?isCancelled=False&fulfillment_node=80a760157ee64efcabda2dd6c0a4f71a

445ef3a8dccc45148ca32f323eae7b81-----------------------------2017-12-20 12:52:36.7746---------------------------
/Service/InternalService.ashx?t=QueryOrder&status=ready&isCancel=0&nodeId=80a760157ee64efcabda2dd6c0a4f71a&_=1513745432870

3f788c38d452427f93e9b4330b5cc1a8-----------------------------2017-12-20 12:52:48.8786---------------------------
请求地址:https://merchant-api.jet.com/api/orders/ready?isCancelled=False&fulfillment_node=80a760157ee64efcabda2dd6c0a4f71a

dae2918ab38845fcbad8ac039966d670-----------------------------2017-12-20 12:53:41.2666---------------------------
/Service/InternalService.ashx?t=QueryOrder&status=ready&isCancel=0&nodeId=80a760157ee64efcabda2dd6c0a4f71a&_=1513745432871

9fbbd0c0a7564d79af88bcef09558793-----------------------------2017-12-20 12:53:44.9080---------------------------
请求地址:https://merchant-api.jet.com/api/orders/ready?isCancelled=False&fulfillment_node=80a760157ee64efcabda2dd6c0a4f71a

101b9d41d35044a692c7d00ad7e6a7fa-----------------------------2017-12-20 12:53:45.4414---------------------------
请求地址:https://merchant-api.jet.com/api/token,发送报文:{ "user":"9BD7AA25D356387250E97564D2B91B4A29E7B677","pass":"G/93glgnE+S2tRhvyE9/RavsBZMR385jqRl+o+172T3T" }

addada0752bd4412a7cb375426a1f157-----------------------------2017-12-20 12:53:46.2026---------------------------
请求服务获得返回:{
  "id_token": "eyJ0eXAiOiJKV1QiLCJhbGciOiJSUzI1NiIsIng1dCI6IldscUZYb2E1WkxSQ0hldmxwa1BHOVdHS0JrMCJ9.eyJpc19zYW5kYm94X3VpZCI6InRydWUiLCJtZXJjaGFudF9pZCI6ImM0OTA4MjFhM2VlZDRjNzRiMTUzNTVhYTUwM2Q4ZGQ3IiwicGFydG5lcl90eXBlIjoiTWVyY2hhbnQiLCJzY29wZSI6Imlyb25tYW4tYXBpIiwiaXNzIjoiamV0LmNvbSIsImV4cCI6MTUxMzc4MTYyNiwibmJmIjoxNTEzNzQ1NjI2fQ.WbFVr4OQLTnP_onQr6GxY35unS5fOV3cs--3qjDppR1DBbtRw3l5YAwq5n_GrtV9WoldZ2g9OQE4u08KquryIptIiR0uvTcr_4ZtLjGMLvBU0M522UBgdOhI1EJfGvHL6FQdsOk8OzBJ2FxbgmD6o6SF7C9ZLG3DD7ofPyUUJpHmVUIDotLdkvAiDB6yfC25i8OqRbyWXv-8BTlMAnGG3UBQrUnUg5BjcuhIx8OAW_chwmegSWpZ39n28kgi6IyizexRzLA6kR3OPpY-lU9o3ueEUAOkS3PxKuqpwZHr1s2FHOQLbzcEgtNmBwgghM_o2495zBbV5JzvysFqMUXlAXxinjsdhtJ2kLHUgTWsB3OF4cWSL8F7Qi0YUdJqmvy4pe6uZFVHabsvaP6lez9xjLD3-kpbU6t3CYWrV_dWm4txxSNnLVAlTsqocclJvYYr68-q18JuSvRAIlaSRpCMrcvAim7d93N49BHJ7GokaVPo6SicilHqLhZtW9svnWvhwvKhmdjAxyvuWA1ztu4eAxU8oJmhBPmaObYTv4e2YKywJC0xkVmDEHlWKOrBfPMVaY1Hsqip0TZmBbexQY61hotngXjiCmWl07-HdSSvdzg87LnVageCIpM5Hwz1VCwrpmKcwmukUOgFhFAgfDze7ItAFLma-U6ks48oTjesBi8",
  "token_type": "Bearer",
  "expires_on": "2017-12-20T14:53:46Z"
}

47438af022b54238b613f8dc829fe2c4-----------------------------2017-12-20 12:53:51.0445---------------------------
/Service/InternalService.ashx?t=QueryOrder&status=ready&isCancel=0&nodeId=80a760157ee64efcabda2dd6c0a4f71a&_=1513745432872

b42ba23ba20f4abb8f8a6971b91e69ad-----------------------------2017-12-20 12:54:09.1137---------------------------
请求地址:https://merchant-api.jet.com/api/orders/ready?isCancelled=False&fulfillment_node=80a760157ee64efcabda2dd6c0a4f71a

2008c59d2bd94c998669bb66ebad5f3a-----------------------------2017-12-20 12:54:12.4056---------------------------
请求服务获得返回:{
  "order_urls": [
    "/orders/withoutShipmentDetail/4f2fc03aa4c545da93862efb727a6071"
  ]
}

a1e519a7011e4fada332cea687c78b40-----------------------------2017-12-20 12:54:42.2718---------------------------
/Service/InternalService.ashx?t=QueryOrder&jetDefinedOrderId=null&_=1513745682219

1388682185cf41208f6dc0386213687e-----------------------------2017-12-20 12:54:42.2718---------------------------
请求地址:https://merchant-api.jet.com/api/orders/?isCancelled=False&fulfillment_node=
