
89fa2f8c9a4a48daaf39daa9878bad3a-----------------------------2017-12-21 09:19:29.8613---------------------------
/Service/InternalService.ashx?t=QueryOrderDetail&jetDefinedOrderId=4f2fc03aa4c545da93862efb727a6071&_=1513819169805

645b95c7bcdc4ab9a55888714723600f-----------------------------2017-12-21 09:19:29.8993---------------------------
请求地址:https://merchant-api.jet.com/api/orders/withoutShipmentDetail/4f2fc03aa4c545da93862efb727a6071

7ae46a4eb8fc46b982dee02fc929c10b-----------------------------2017-12-21 09:19:31.0992---------------------------
请求服务获得返回:{
  "alt_order_id": "873699361761",
  "buyer": {
    "name": "Homer Simpson",
    "phone_number": "212-212-8880"
  },
  "customer_reference_order_id": "371871199512",
  "fulfillment_node": "80a760157ee64efcabda2dd6c0a4f71a",
  "has_shipments": false,
  "hash_email": "591600580804@customer.jet.com",
  "jet_request_directed_cancel": false,
  "merchant_order_id": "4f2fc03aa4c545da93862efb727a6071",
  "order_detail": {
    "request_shipping_method": "FedEx Ground",
    "request_shipping_carrier": "FedEx",
    "request_service_level": "SecondDay",
    "request_ship_by": "2017-12-20T08:36:53.7567923Z",
    "request_delivery_by": "2017-12-21T08:36:53.7567923Z"
  },
  "order_items": [
    {
      "order_item_id": "1ed8a5e1619f492987f18c521e827127",
      "merchant_sku": "1233",
      "request_order_quantity": 1,
      "request_order_cancel_qty": 0,
      "item_tax_code": "",
      "item_price": {
        "item_tax": null,
        "item_shipping_cost": 2.46,
        "item_shipping_tax": null,
        "base_price": 123
      },
      "product_title": "My Product1",
      "url": "http://www.jet.com/api/merchant_skus/1233"
    }
  ],
  "order_placed_date": "2017-12-19T08:35:53.7567923Z",
  "order_totals": {
    "item_price": {
      "item_tax": null,
      "item_shipping_cost": 2.46,
      "item_shipping_tax": null,
      "base_price": 123
    }
  },
  "order_transmission_date": "2017-12-19T08:36:53.7567923Z",
  "reference_order_id": "247457272351",
  "shipping_to": {
    "recipient": {
      "name": "Marge Simpson",
      "phone_number": "212-212-9823"
    },
    "address": {
      "address1": "40 Oak street",
      "address2": "",
      "city": "Altitude",
      "state": "MS",
      "zip_code": "38829"
    }
  },
  "status": "ready"
}

b1cfcc8ace9a473fa38a2e32a8f0096b-----------------------------2017-12-21 09:19:41.1325---------------------------
/Service/InternalService.ashx?t=QueryOrderDetail&jetDefinedOrderId=4f2fc03aa4c545da93862efb727a6071&_=1513819181088

840e85c19b974c8a9bab497208023a37-----------------------------2017-12-21 09:19:41.1325---------------------------
请求地址:https://merchant-api.jet.com/api/orders/withoutShipmentDetail/4f2fc03aa4c545da93862efb727a6071

92b401288316430a8debf3061c1c38dd-----------------------------2017-12-21 09:19:41.4457---------------------------
请求服务获得返回:{
  "alt_order_id": "873699361761",
  "buyer": {
    "name": "Homer Simpson",
    "phone_number": "212-212-8880"
  },
  "customer_reference_order_id": "371871199512",
  "fulfillment_node": "80a760157ee64efcabda2dd6c0a4f71a",
  "has_shipments": false,
  "hash_email": "591600580804@customer.jet.com",
  "jet_request_directed_cancel": false,
  "merchant_order_id": "4f2fc03aa4c545da93862efb727a6071",
  "order_detail": {
    "request_shipping_method": "FedEx Ground",
    "request_shipping_carrier": "FedEx",
    "request_service_level": "SecondDay",
    "request_ship_by": "2017-12-20T08:36:53.7567923Z",
    "request_delivery_by": "2017-12-21T08:36:53.7567923Z"
  },
  "order_items": [
    {
      "order_item_id": "1ed8a5e1619f492987f18c521e827127",
      "merchant_sku": "1233",
      "request_order_quantity": 1,
      "request_order_cancel_qty": 0,
      "item_tax_code": "",
      "item_price": {
        "item_tax": null,
        "item_shipping_cost": 2.46,
        "item_shipping_tax": null,
        "base_price": 123
      },
      "product_title": "My Product1",
      "url": "http://www.jet.com/api/merchant_skus/1233"
    }
  ],
  "order_placed_date": "2017-12-19T08:35:53.7567923Z",
  "order_totals": {
    "item_price": {
      "item_tax": null,
      "item_shipping_cost": 2.46,
      "item_shipping_tax": null,
      "base_price": 123
    }
  },
  "order_transmission_date": "2017-12-19T08:36:53.7567923Z",
  "reference_order_id": "247457272351",
  "shipping_to": {
    "recipient": {
      "name": "Marge Simpson",
      "phone_number": "212-212-9823"
    },
    "address": {
      "address1": "40 Oak street",
      "address2": "",
      "city": "Altitude",
      "state": "MS",
      "zip_code": "38829"
    }
  },
  "status": "ready"
}

ef4bc38c4d8143f4807d45dc8041e9b1-----------------------------2017-12-21 09:20:02.2258---------------------------
/Service/InternalService.ashx?t=QueryOrderDetail&jetDefinedOrderId=4f2fc03aa4c545da93862efb727a6071&_=1513819202179

50e634b7496a4b0f8416d29e94cd0a95-----------------------------2017-12-21 09:20:02.2258---------------------------
请求地址:https://merchant-api.jet.com/api/orders/withoutShipmentDetail/4f2fc03aa4c545da93862efb727a6071

e335aaae44b34e378c29944118c6d972-----------------------------2017-12-21 09:20:02.5290---------------------------
请求服务获得返回:{
  "alt_order_id": "873699361761",
  "buyer": {
    "name": "Homer Simpson",
    "phone_number": "212-212-8880"
  },
  "customer_reference_order_id": "371871199512",
  "fulfillment_node": "80a760157ee64efcabda2dd6c0a4f71a",
  "has_shipments": false,
  "hash_email": "591600580804@customer.jet.com",
  "jet_request_directed_cancel": false,
  "merchant_order_id": "4f2fc03aa4c545da93862efb727a6071",
  "order_detail": {
    "request_shipping_method": "FedEx Ground",
    "request_shipping_carrier": "FedEx",
    "request_service_level": "SecondDay",
    "request_ship_by": "2017-12-20T08:36:53.7567923Z",
    "request_delivery_by": "2017-12-21T08:36:53.7567923Z"
  },
  "order_items": [
    {
      "order_item_id": "1ed8a5e1619f492987f18c521e827127",
      "merchant_sku": "1233",
      "request_order_quantity": 1,
      "request_order_cancel_qty": 0,
      "item_tax_code": "",
      "item_price": {
        "item_tax": null,
        "item_shipping_cost": 2.46,
        "item_shipping_tax": null,
        "base_price": 123
      },
      "product_title": "My Product1",
      "url": "http://www.jet.com/api/merchant_skus/1233"
    }
  ],
  "order_placed_date": "2017-12-19T08:35:53.7567923Z",
  "order_totals": {
    "item_price": {
      "item_tax": null,
      "item_shipping_cost": 2.46,
      "item_shipping_tax": null,
      "base_price": 123
    }
  },
  "order_transmission_date": "2017-12-19T08:36:53.7567923Z",
  "reference_order_id": "247457272351",
  "shipping_to": {
    "recipient": {
      "name": "Marge Simpson",
      "phone_number": "212-212-9823"
    },
    "address": {
      "address1": "40 Oak street",
      "address2": "",
      "city": "Altitude",
      "state": "MS",
      "zip_code": "38829"
    }
  },
  "status": "ready"
}

96864c84415447d8955f3eb804ed7f13-----------------------------2017-12-21 09:20:56.0084---------------------------
/Service/InternalService.ashx?t=QueryOrderDetail&jetDefinedOrderId=4f2fc03aa4c545da93862efb727a6071&_=1513819255963

3aacea5f5c624f428dc92a0c9759057a-----------------------------2017-12-21 09:20:56.0084---------------------------
请求地址:https://merchant-api.jet.com/api/orders/withoutShipmentDetail/4f2fc03aa4c545da93862efb727a6071

bb96f8a4b58041f4adbc28dd08de22fb-----------------------------2017-12-21 09:20:56.7059---------------------------
请求服务获得返回:{
  "alt_order_id": "873699361761",
  "buyer": {
    "name": "Homer Simpson",
    "phone_number": "212-212-8880"
  },
  "customer_reference_order_id": "371871199512",
  "fulfillment_node": "80a760157ee64efcabda2dd6c0a4f71a",
  "has_shipments": false,
  "hash_email": "591600580804@customer.jet.com",
  "jet_request_directed_cancel": false,
  "merchant_order_id": "4f2fc03aa4c545da93862efb727a6071",
  "order_detail": {
    "request_shipping_method": "FedEx Ground",
    "request_shipping_carrier": "FedEx",
    "request_service_level": "SecondDay",
    "request_ship_by": "2017-12-20T08:36:53.7567923Z",
    "request_delivery_by": "2017-12-21T08:36:53.7567923Z"
  },
  "order_items": [
    {
      "order_item_id": "1ed8a5e1619f492987f18c521e827127",
      "merchant_sku": "1233",
      "request_order_quantity": 1,
      "request_order_cancel_qty": 0,
      "item_tax_code": "",
      "item_price": {
        "item_tax": null,
        "item_shipping_cost": 2.46,
        "item_shipping_tax": null,
        "base_price": 123
      },
      "product_title": "My Product1",
      "url": "http://www.jet.com/api/merchant_skus/1233"
    }
  ],
  "order_placed_date": "2017-12-19T08:35:53.7567923Z",
  "order_totals": {
    "item_price": {
      "item_tax": null,
      "item_shipping_cost": 2.46,
      "item_shipping_tax": null,
      "base_price": 123
    }
  },
  "order_transmission_date": "2017-12-19T08:36:53.7567923Z",
  "reference_order_id": "247457272351",
  "shipping_to": {
    "recipient": {
      "name": "Marge Simpson",
      "phone_number": "212-212-9823"
    },
    "address": {
      "address1": "40 Oak street",
      "address2": "",
      "city": "Altitude",
      "state": "MS",
      "zip_code": "38829"
    }
  },
  "status": "ready"
}

ec10a38791e54bd9912473ccedf35d26-----------------------------2017-12-21 09:21:12.7758---------------------------
/Service/InternalService.ashx?t=QueryOrderDetail&jetDefinedOrderId=4f2fc03aa4c545da93862efb727a6071&_=1513819272733

178fdb9cf2a94adda0f153f364ae4b28-----------------------------2017-12-21 09:21:12.7758---------------------------
请求地址:https://merchant-api.jet.com/api/orders/withoutShipmentDetail/4f2fc03aa4c545da93862efb727a6071

5d402ab065d94cd897dadcf81aec7ae1-----------------------------2017-12-21 09:21:13.1301---------------------------
请求服务获得返回:{
  "alt_order_id": "873699361761",
  "buyer": {
    "name": "Homer Simpson",
    "phone_number": "212-212-8880"
  },
  "customer_reference_order_id": "371871199512",
  "fulfillment_node": "80a760157ee64efcabda2dd6c0a4f71a",
  "has_shipments": false,
  "hash_email": "591600580804@customer.jet.com",
  "jet_request_directed_cancel": false,
  "merchant_order_id": "4f2fc03aa4c545da93862efb727a6071",
  "order_detail": {
    "request_shipping_method": "FedEx Ground",
    "request_shipping_carrier": "FedEx",
    "request_service_level": "SecondDay",
    "request_ship_by": "2017-12-20T08:36:53.7567923Z",
    "request_delivery_by": "2017-12-21T08:36:53.7567923Z"
  },
  "order_items": [
    {
      "order_item_id": "1ed8a5e1619f492987f18c521e827127",
      "merchant_sku": "1233",
      "request_order_quantity": 1,
      "request_order_cancel_qty": 0,
      "item_tax_code": "",
      "item_price": {
        "item_tax": null,
        "item_shipping_cost": 2.46,
        "item_shipping_tax": null,
        "base_price": 123
      },
      "product_title": "My Product1",
      "url": "http://www.jet.com/api/merchant_skus/1233"
    }
  ],
  "order_placed_date": "2017-12-19T08:35:53.7567923Z",
  "order_totals": {
    "item_price": {
      "item_tax": null,
      "item_shipping_cost": 2.46,
      "item_shipping_tax": null,
      "base_price": 123
    }
  },
  "order_transmission_date": "2017-12-19T08:36:53.7567923Z",
  "reference_order_id": "247457272351",
  "shipping_to": {
    "recipient": {
      "name": "Marge Simpson",
      "phone_number": "212-212-9823"
    },
    "address": {
      "address1": "40 Oak street",
      "address2": "",
      "city": "Altitude",
      "state": "MS",
      "zip_code": "38829"
    }
  },
  "status": "ready"
}

8549470e3f3243dc93765bdfe026abb0-----------------------------2017-12-21 09:21:20.6360---------------------------
/Service/InternalService.ashx?t=QueryOrderDetail&jetDefinedOrderId=4f2fc03aa4c545da93862efb727a6071&_=1513819280590

15536d98461f46ba9c9503783bf45173-----------------------------2017-12-21 09:21:20.6360---------------------------
请求地址:https://merchant-api.jet.com/api/orders/withoutShipmentDetail/4f2fc03aa4c545da93862efb727a6071

63d5fcf7d31044eb9302358eae1a98b8-----------------------------2017-12-21 09:21:20.9022---------------------------
请求服务获得返回:{
  "alt_order_id": "873699361761",
  "buyer": {
    "name": "Homer Simpson",
    "phone_number": "212-212-8880"
  },
  "customer_reference_order_id": "371871199512",
  "fulfillment_node": "80a760157ee64efcabda2dd6c0a4f71a",
  "has_shipments": false,
  "hash_email": "591600580804@customer.jet.com",
  "jet_request_directed_cancel": false,
  "merchant_order_id": "4f2fc03aa4c545da93862efb727a6071",
  "order_detail": {
    "request_shipping_method": "FedEx Ground",
    "request_shipping_carrier": "FedEx",
    "request_service_level": "SecondDay",
    "request_ship_by": "2017-12-20T08:36:53.7567923Z",
    "request_delivery_by": "2017-12-21T08:36:53.7567923Z"
  },
  "order_items": [
    {
      "order_item_id": "1ed8a5e1619f492987f18c521e827127",
      "merchant_sku": "1233",
      "request_order_quantity": 1,
      "request_order_cancel_qty": 0,
      "item_tax_code": "",
      "item_price": {
        "item_tax": null,
        "item_shipping_cost": 2.46,
        "item_shipping_tax": null,
        "base_price": 123
      },
      "product_title": "My Product1",
      "url": "http://www.jet.com/api/merchant_skus/1233"
    }
  ],
  "order_placed_date": "2017-12-19T08:35:53.7567923Z",
  "order_totals": {
    "item_price": {
      "item_tax": null,
      "item_shipping_cost": 2.46,
      "item_shipping_tax": null,
      "base_price": 123
    }
  },
  "order_transmission_date": "2017-12-19T08:36:53.7567923Z",
  "reference_order_id": "247457272351",
  "shipping_to": {
    "recipient": {
      "name": "Marge Simpson",
      "phone_number": "212-212-9823"
    },
    "address": {
      "address1": "40 Oak street",
      "address2": "",
      "city": "Altitude",
      "state": "MS",
      "zip_code": "38829"
    }
  },
  "status": "ready"
}

b4c6560f6231435fb9b71633c9ee9ca5-----------------------------2017-12-21 09:21:39.1158---------------------------
/Service/InternalService.ashx?t=QueryOrderDetail&jetDefinedOrderId=4f2fc03aa4c545da93862efb727a6071&_=1513819299072

748212c41bac4c7b9bd28b6045866dad-----------------------------2017-12-21 09:21:39.1158---------------------------
请求地址:https://merchant-api.jet.com/api/orders/withoutShipmentDetail/4f2fc03aa4c545da93862efb727a6071

495ef0006dc5420190bfd4049e049aeb-----------------------------2017-12-21 09:21:39.6882---------------------------
请求服务获得返回:{
  "alt_order_id": "873699361761",
  "buyer": {
    "name": "Homer Simpson",
    "phone_number": "212-212-8880"
  },
  "customer_reference_order_id": "371871199512",
  "fulfillment_node": "80a760157ee64efcabda2dd6c0a4f71a",
  "has_shipments": false,
  "hash_email": "591600580804@customer.jet.com",
  "jet_request_directed_cancel": false,
  "merchant_order_id": "4f2fc03aa4c545da93862efb727a6071",
  "order_detail": {
    "request_shipping_method": "FedEx Ground",
    "request_shipping_carrier": "FedEx",
    "request_service_level": "SecondDay",
    "request_ship_by": "2017-12-20T08:36:53.7567923Z",
    "request_delivery_by": "2017-12-21T08:36:53.7567923Z"
  },
  "order_items": [
    {
      "order_item_id": "1ed8a5e1619f492987f18c521e827127",
      "merchant_sku": "1233",
      "request_order_quantity": 1,
      "request_order_cancel_qty": 0,
      "item_tax_code": "",
      "item_price": {
        "item_tax": null,
        "item_shipping_cost": 2.46,
        "item_shipping_tax": null,
        "base_price": 123
      },
      "product_title": "My Product1",
      "url": "http://www.jet.com/api/merchant_skus/1233"
    }
  ],
  "order_placed_date": "2017-12-19T08:35:53.7567923Z",
  "order_totals": {
    "item_price": {
      "item_tax": null,
      "item_shipping_cost": 2.46,
      "item_shipping_tax": null,
      "base_price": 123
    }
  },
  "order_transmission_date": "2017-12-19T08:36:53.7567923Z",
  "reference_order_id": "247457272351",
  "shipping_to": {
    "recipient": {
      "name": "Marge Simpson",
      "phone_number": "212-212-9823"
    },
    "address": {
      "address1": "40 Oak street",
      "address2": "",
      "city": "Altitude",
      "state": "MS",
      "zip_code": "38829"
    }
  },
  "status": "ready"
}

72eb85c4fd5c4886ac83d325ca9c58f4-----------------------------2017-12-21 09:22:25.5007---------------------------
/Service/InternalService.ashx?t=QueryOrderDetail&jetDefinedOrderId=4f2fc03aa4c545da93862efb727a6071&_=1513819345454

273f4e51b3d74dd9a28ec74c6837a3c3-----------------------------2017-12-21 09:22:25.5017---------------------------
请求地址:https://merchant-api.jet.com/api/orders/withoutShipmentDetail/4f2fc03aa4c545da93862efb727a6071

23961688a6624f7b8584f379d5ca531e-----------------------------2017-12-21 09:22:25.8649---------------------------
请求服务获得返回:{
  "alt_order_id": "873699361761",
  "buyer": {
    "name": "Homer Simpson",
    "phone_number": "212-212-8880"
  },
  "customer_reference_order_id": "371871199512",
  "fulfillment_node": "80a760157ee64efcabda2dd6c0a4f71a",
  "has_shipments": false,
  "hash_email": "591600580804@customer.jet.com",
  "jet_request_directed_cancel": false,
  "merchant_order_id": "4f2fc03aa4c545da93862efb727a6071",
  "order_detail": {
    "request_shipping_method": "FedEx Ground",
    "request_shipping_carrier": "FedEx",
    "request_service_level": "SecondDay",
    "request_ship_by": "2017-12-20T08:36:53.7567923Z",
    "request_delivery_by": "2017-12-21T08:36:53.7567923Z"
  },
  "order_items": [
    {
      "order_item_id": "1ed8a5e1619f492987f18c521e827127",
      "merchant_sku": "1233",
      "request_order_quantity": 1,
      "request_order_cancel_qty": 0,
      "item_tax_code": "",
      "item_price": {
        "item_tax": null,
        "item_shipping_cost": 2.46,
        "item_shipping_tax": null,
        "base_price": 123
      },
      "product_title": "My Product1",
      "url": "http://www.jet.com/api/merchant_skus/1233"
    }
  ],
  "order_placed_date": "2017-12-19T08:35:53.7567923Z",
  "order_totals": {
    "item_price": {
      "item_tax": null,
      "item_shipping_cost": 2.46,
      "item_shipping_tax": null,
      "base_price": 123
    }
  },
  "order_transmission_date": "2017-12-19T08:36:53.7567923Z",
  "reference_order_id": "247457272351",
  "shipping_to": {
    "recipient": {
      "name": "Marge Simpson",
      "phone_number": "212-212-9823"
    },
    "address": {
      "address1": "40 Oak street",
      "address2": "",
      "city": "Altitude",
      "state": "MS",
      "zip_code": "38829"
    }
  },
  "status": "ready"
}

99e260cfba3442b0bb866e2121e99306-----------------------------2017-12-21 09:22:38.6012---------------------------
/Service/InternalService.ashx?t=QueryOrderDetail&jetDefinedOrderId=4f2fc03aa4c545da93862efb727a6071&_=1513819358552

c9e3029807844d9286c12dda4f83dd6e-----------------------------2017-12-21 09:22:38.6012---------------------------
请求地址:https://merchant-api.jet.com/api/orders/withoutShipmentDetail/4f2fc03aa4c545da93862efb727a6071

37d5ca6e720a4c56bd715c948ee94ecf-----------------------------2017-12-21 09:22:39.1867---------------------------
请求服务获得返回:{
  "alt_order_id": "873699361761",
  "buyer": {
    "name": "Homer Simpson",
    "phone_number": "212-212-8880"
  },
  "customer_reference_order_id": "371871199512",
  "fulfillment_node": "80a760157ee64efcabda2dd6c0a4f71a",
  "has_shipments": false,
  "hash_email": "591600580804@customer.jet.com",
  "jet_request_directed_cancel": false,
  "merchant_order_id": "4f2fc03aa4c545da93862efb727a6071",
  "order_detail": {
    "request_shipping_method": "FedEx Ground",
    "request_shipping_carrier": "FedEx",
    "request_service_level": "SecondDay",
    "request_ship_by": "2017-12-20T08:36:53.7567923Z",
    "request_delivery_by": "2017-12-21T08:36:53.7567923Z"
  },
  "order_items": [
    {
      "order_item_id": "1ed8a5e1619f492987f18c521e827127",
      "merchant_sku": "1233",
      "request_order_quantity": 1,
      "request_order_cancel_qty": 0,
      "item_tax_code": "",
      "item_price": {
        "item_tax": null,
        "item_shipping_cost": 2.46,
        "item_shipping_tax": null,
        "base_price": 123
      },
      "product_title": "My Product1",
      "url": "http://www.jet.com/api/merchant_skus/1233"
    }
  ],
  "order_placed_date": "2017-12-19T08:35:53.7567923Z",
  "order_totals": {
    "item_price": {
      "item_tax": null,
      "item_shipping_cost": 2.46,
      "item_shipping_tax": null,
      "base_price": 123
    }
  },
  "order_transmission_date": "2017-12-19T08:36:53.7567923Z",
  "reference_order_id": "247457272351",
  "shipping_to": {
    "recipient": {
      "name": "Marge Simpson",
      "phone_number": "212-212-9823"
    },
    "address": {
      "address1": "40 Oak street",
      "address2": "",
      "city": "Altitude",
      "state": "MS",
      "zip_code": "38829"
    }
  },
  "status": "ready"
}

bfe256d7b2ec480e9985607e43b5193e-----------------------------2017-12-21 09:22:51.1513---------------------------
/Service/InternalService.ashx?t=QueryOrderDetail&jetDefinedOrderId=4f2fc03aa4c545da93862efb727a6071&_=1513819371105

5fc82864307f4fdf8cb8f1ed56f45a5f-----------------------------2017-12-21 09:22:51.1513---------------------------
请求地址:https://merchant-api.jet.com/api/orders/withoutShipmentDetail/4f2fc03aa4c545da93862efb727a6071

d00d2362f12b4f3887be710552103a4d-----------------------------2017-12-21 09:22:51.7057---------------------------
请求服务获得返回:{
  "alt_order_id": "873699361761",
  "buyer": {
    "name": "Homer Simpson",
    "phone_number": "212-212-8880"
  },
  "customer_reference_order_id": "371871199512",
  "fulfillment_node": "80a760157ee64efcabda2dd6c0a4f71a",
  "has_shipments": false,
  "hash_email": "591600580804@customer.jet.com",
  "jet_request_directed_cancel": false,
  "merchant_order_id": "4f2fc03aa4c545da93862efb727a6071",
  "order_detail": {
    "request_shipping_method": "FedEx Ground",
    "request_shipping_carrier": "FedEx",
    "request_service_level": "SecondDay",
    "request_ship_by": "2017-12-20T08:36:53.7567923Z",
    "request_delivery_by": "2017-12-21T08:36:53.7567923Z"
  },
  "order_items": [
    {
      "order_item_id": "1ed8a5e1619f492987f18c521e827127",
      "merchant_sku": "1233",
      "request_order_quantity": 1,
      "request_order_cancel_qty": 0,
      "item_tax_code": "",
      "item_price": {
        "item_tax": null,
        "item_shipping_cost": 2.46,
        "item_shipping_tax": null,
        "base_price": 123
      },
      "product_title": "My Product1",
      "url": "http://www.jet.com/api/merchant_skus/1233"
    }
  ],
  "order_placed_date": "2017-12-19T08:35:53.7567923Z",
  "order_totals": {
    "item_price": {
      "item_tax": null,
      "item_shipping_cost": 2.46,
      "item_shipping_tax": null,
      "base_price": 123
    }
  },
  "order_transmission_date": "2017-12-19T08:36:53.7567923Z",
  "reference_order_id": "247457272351",
  "shipping_to": {
    "recipient": {
      "name": "Marge Simpson",
      "phone_number": "212-212-9823"
    },
    "address": {
      "address1": "40 Oak street",
      "address2": "",
      "city": "Altitude",
      "state": "MS",
      "zip_code": "38829"
    }
  },
  "status": "ready"
}

5b0535da3152435d9aea4a958495c18d-----------------------------2017-12-21 09:23:25.6159---------------------------
/Service/InternalService.ashx?t=QueryOrderDetail&jetDefinedOrderId=4f2fc03aa4c545da93862efb727a6071&_=1513819405561

e8e3d4a51a0947f0bd037644a7137532-----------------------------2017-12-21 09:23:25.6159---------------------------
请求地址:https://merchant-api.jet.com/api/orders/withoutShipmentDetail/4f2fc03aa4c545da93862efb727a6071

a67d313e911546dbb0df2aa1e6ae84e6-----------------------------2017-12-21 09:23:26.1794---------------------------
请求服务获得返回:{
  "alt_order_id": "873699361761",
  "buyer": {
    "name": "Homer Simpson",
    "phone_number": "212-212-8880"
  },
  "customer_reference_order_id": "371871199512",
  "fulfillment_node": "80a760157ee64efcabda2dd6c0a4f71a",
  "has_shipments": false,
  "hash_email": "591600580804@customer.jet.com",
  "jet_request_directed_cancel": false,
  "merchant_order_id": "4f2fc03aa4c545da93862efb727a6071",
  "order_detail": {
    "request_shipping_method": "FedEx Ground",
    "request_shipping_carrier": "FedEx",
    "request_service_level": "SecondDay",
    "request_ship_by": "2017-12-20T08:36:53.7567923Z",
    "request_delivery_by": "2017-12-21T08:36:53.7567923Z"
  },
  "order_items": [
    {
      "order_item_id": "1ed8a5e1619f492987f18c521e827127",
      "merchant_sku": "1233",
      "request_order_quantity": 1,
      "request_order_cancel_qty": 0,
      "item_tax_code": "",
      "item_price": {
        "item_tax": null,
        "item_shipping_cost": 2.46,
        "item_shipping_tax": null,
        "base_price": 123
      },
      "product_title": "My Product1",
      "url": "http://www.jet.com/api/merchant_skus/1233"
    }
  ],
  "order_placed_date": "2017-12-19T08:35:53.7567923Z",
  "order_totals": {
    "item_price": {
      "item_tax": null,
      "item_shipping_cost": 2.46,
      "item_shipping_tax": null,
      "base_price": 123
    }
  },
  "order_transmission_date": "2017-12-19T08:36:53.7567923Z",
  "reference_order_id": "247457272351",
  "shipping_to": {
    "recipient": {
      "name": "Marge Simpson",
      "phone_number": "212-212-9823"
    },
    "address": {
      "address1": "40 Oak street",
      "address2": "",
      "city": "Altitude",
      "state": "MS",
      "zip_code": "38829"
    }
  },
  "status": "ready"
}

4aa222fe525e40b595e9a0081c9a96ca-----------------------------2017-12-21 09:23:36.6353---------------------------
/Service/InternalService.ashx?t=QueryOrderDetail&jetDefinedOrderId=4f2fc03aa4c545da93862efb727a6071&_=1513819416592

3d6a5e1080a54434ac31efc12226e105-----------------------------2017-12-21 09:23:36.6353---------------------------
请求地址:https://merchant-api.jet.com/api/orders/withoutShipmentDetail/4f2fc03aa4c545da93862efb727a6071

015a8b4da48b43b184f2a56f71492893-----------------------------2017-12-21 09:23:36.9486---------------------------
请求服务获得返回:{
  "alt_order_id": "873699361761",
  "buyer": {
    "name": "Homer Simpson",
    "phone_number": "212-212-8880"
  },
  "customer_reference_order_id": "371871199512",
  "fulfillment_node": "80a760157ee64efcabda2dd6c0a4f71a",
  "has_shipments": false,
  "hash_email": "591600580804@customer.jet.com",
  "jet_request_directed_cancel": false,
  "merchant_order_id": "4f2fc03aa4c545da93862efb727a6071",
  "order_detail": {
    "request_shipping_method": "FedEx Ground",
    "request_shipping_carrier": "FedEx",
    "request_service_level": "SecondDay",
    "request_ship_by": "2017-12-20T08:36:53.7567923Z",
    "request_delivery_by": "2017-12-21T08:36:53.7567923Z"
  },
  "order_items": [
    {
      "order_item_id": "1ed8a5e1619f492987f18c521e827127",
      "merchant_sku": "1233",
      "request_order_quantity": 1,
      "request_order_cancel_qty": 0,
      "item_tax_code": "",
      "item_price": {
        "item_tax": null,
        "item_shipping_cost": 2.46,
        "item_shipping_tax": null,
        "base_price": 123
      },
      "product_title": "My Product1",
      "url": "http://www.jet.com/api/merchant_skus/1233"
    }
  ],
  "order_placed_date": "2017-12-19T08:35:53.7567923Z",
  "order_totals": {
    "item_price": {
      "item_tax": null,
      "item_shipping_cost": 2.46,
      "item_shipping_tax": null,
      "base_price": 123
    }
  },
  "order_transmission_date": "2017-12-19T08:36:53.7567923Z",
  "reference_order_id": "247457272351",
  "shipping_to": {
    "recipient": {
      "name": "Marge Simpson",
      "phone_number": "212-212-9823"
    },
    "address": {
      "address1": "40 Oak street",
      "address2": "",
      "city": "Altitude",
      "state": "MS",
      "zip_code": "38829"
    }
  },
  "status": "ready"
}

7e95ef15fde347e4833d981cc63b37fa-----------------------------2017-12-21 09:23:43.2299---------------------------
/Service/InternalService.ashx?t=QueryOrderDetail&jetDefinedOrderId=4f2fc03aa4c545da93862efb727a6071&_=1513819423184

c22589ac00e24146995225c5d26dd72b-----------------------------2017-12-21 09:23:43.2299---------------------------
请求地址:https://merchant-api.jet.com/api/orders/withoutShipmentDetail/4f2fc03aa4c545da93862efb727a6071

a4d9a78a0cde4c4ab200d84ea743ac8f-----------------------------2017-12-21 09:23:43.8183---------------------------
请求服务获得返回:{
  "alt_order_id": "873699361761",
  "buyer": {
    "name": "Homer Simpson",
    "phone_number": "212-212-8880"
  },
  "customer_reference_order_id": "371871199512",
  "fulfillment_node": "80a760157ee64efcabda2dd6c0a4f71a",
  "has_shipments": false,
  "hash_email": "591600580804@customer.jet.com",
  "jet_request_directed_cancel": false,
  "merchant_order_id": "4f2fc03aa4c545da93862efb727a6071",
  "order_detail": {
    "request_shipping_method": "FedEx Ground",
    "request_shipping_carrier": "FedEx",
    "request_service_level": "SecondDay",
    "request_ship_by": "2017-12-20T08:36:53.7567923Z",
    "request_delivery_by": "2017-12-21T08:36:53.7567923Z"
  },
  "order_items": [
    {
      "order_item_id": "1ed8a5e1619f492987f18c521e827127",
      "merchant_sku": "1233",
      "request_order_quantity": 1,
      "request_order_cancel_qty": 0,
      "item_tax_code": "",
      "item_price": {
        "item_tax": null,
        "item_shipping_cost": 2.46,
        "item_shipping_tax": null,
        "base_price": 123
      },
      "product_title": "My Product1",
      "url": "http://www.jet.com/api/merchant_skus/1233"
    }
  ],
  "order_placed_date": "2017-12-19T08:35:53.7567923Z",
  "order_totals": {
    "item_price": {
      "item_tax": null,
      "item_shipping_cost": 2.46,
      "item_shipping_tax": null,
      "base_price": 123
    }
  },
  "order_transmission_date": "2017-12-19T08:36:53.7567923Z",
  "reference_order_id": "247457272351",
  "shipping_to": {
    "recipient": {
      "name": "Marge Simpson",
      "phone_number": "212-212-9823"
    },
    "address": {
      "address1": "40 Oak street",
      "address2": "",
      "city": "Altitude",
      "state": "MS",
      "zip_code": "38829"
    }
  },
  "status": "ready"
}

281d94f970c645d8b0f1e5125335deb5-----------------------------2017-12-21 09:23:48.5912---------------------------
/Service/InternalService.ashx?t=QueryOrderDetail&jetDefinedOrderId=4f2fc03aa4c545da93862efb727a6071&_=1513819428546

ea71c32903874bf3b13208e094cb59f1-----------------------------2017-12-21 09:23:48.5912---------------------------
请求地址:https://merchant-api.jet.com/api/orders/withoutShipmentDetail/4f2fc03aa4c545da93862efb727a6071

a9839d0b7fff40669825899905d43cb4-----------------------------2017-12-21 09:23:48.8534---------------------------
请求服务获得返回:{
  "alt_order_id": "873699361761",
  "buyer": {
    "name": "Homer Simpson",
    "phone_number": "212-212-8880"
  },
  "customer_reference_order_id": "371871199512",
  "fulfillment_node": "80a760157ee64efcabda2dd6c0a4f71a",
  "has_shipments": false,
  "hash_email": "591600580804@customer.jet.com",
  "jet_request_directed_cancel": false,
  "merchant_order_id": "4f2fc03aa4c545da93862efb727a6071",
  "order_detail": {
    "request_shipping_method": "FedEx Ground",
    "request_shipping_carrier": "FedEx",
    "request_service_level": "SecondDay",
    "request_ship_by": "2017-12-20T08:36:53.7567923Z",
    "request_delivery_by": "2017-12-21T08:36:53.7567923Z"
  },
  "order_items": [
    {
      "order_item_id": "1ed8a5e1619f492987f18c521e827127",
      "merchant_sku": "1233",
      "request_order_quantity": 1,
      "request_order_cancel_qty": 0,
      "item_tax_code": "",
      "item_price": {
        "item_tax": null,
        "item_shipping_cost": 2.46,
        "item_shipping_tax": null,
        "base_price": 123
      },
      "product_title": "My Product1",
      "url": "http://www.jet.com/api/merchant_skus/1233"
    }
  ],
  "order_placed_date": "2017-12-19T08:35:53.7567923Z",
  "order_totals": {
    "item_price": {
      "item_tax": null,
      "item_shipping_cost": 2.46,
      "item_shipping_tax": null,
      "base_price": 123
    }
  },
  "order_transmission_date": "2017-12-19T08:36:53.7567923Z",
  "reference_order_id": "247457272351",
  "shipping_to": {
    "recipient": {
      "name": "Marge Simpson",
      "phone_number": "212-212-9823"
    },
    "address": {
      "address1": "40 Oak street",
      "address2": "",
      "city": "Altitude",
      "state": "MS",
      "zip_code": "38829"
    }
  },
  "status": "ready"
}

fef6a51fa38545e6954070d7329bd42a-----------------------------2017-12-21 09:24:07.9233---------------------------
/Service/InternalService.ashx?t=QueryOrderDetail&jetDefinedOrderId=4f2fc03aa4c545da93862efb727a6071&_=1513819447874

6279b800f6554c2984a3ce3774fa00ae-----------------------------2017-12-21 09:24:07.9243---------------------------
请求地址:https://merchant-api.jet.com/api/orders/withoutShipmentDetail/4f2fc03aa4c545da93862efb727a6071

2a2c0b10ace44a468383ca09bfc78e8e-----------------------------2017-12-21 09:24:08.6368---------------------------
请求服务获得返回:{
  "alt_order_id": "873699361761",
  "buyer": {
    "name": "Homer Simpson",
    "phone_number": "212-212-8880"
  },
  "customer_reference_order_id": "371871199512",
  "fulfillment_node": "80a760157ee64efcabda2dd6c0a4f71a",
  "has_shipments": false,
  "hash_email": "591600580804@customer.jet.com",
  "jet_request_directed_cancel": false,
  "merchant_order_id": "4f2fc03aa4c545da93862efb727a6071",
  "order_detail": {
    "request_shipping_method": "FedEx Ground",
    "request_shipping_carrier": "FedEx",
    "request_service_level": "SecondDay",
    "request_ship_by": "2017-12-20T08:36:53.7567923Z",
    "request_delivery_by": "2017-12-21T08:36:53.7567923Z"
  },
  "order_items": [
    {
      "order_item_id": "1ed8a5e1619f492987f18c521e827127",
      "merchant_sku": "1233",
      "request_order_quantity": 1,
      "request_order_cancel_qty": 0,
      "item_tax_code": "",
      "item_price": {
        "item_tax": null,
        "item_shipping_cost": 2.46,
        "item_shipping_tax": null,
        "base_price": 123
      },
      "product_title": "My Product1",
      "url": "http://www.jet.com/api/merchant_skus/1233"
    }
  ],
  "order_placed_date": "2017-12-19T08:35:53.7567923Z",
  "order_totals": {
    "item_price": {
      "item_tax": null,
      "item_shipping_cost": 2.46,
      "item_shipping_tax": null,
      "base_price": 123
    }
  },
  "order_transmission_date": "2017-12-19T08:36:53.7567923Z",
  "reference_order_id": "247457272351",
  "shipping_to": {
    "recipient": {
      "name": "Marge Simpson",
      "phone_number": "212-212-9823"
    },
    "address": {
      "address1": "40 Oak street",
      "address2": "",
      "city": "Altitude",
      "state": "MS",
      "zip_code": "38829"
    }
  },
  "status": "ready"
}

bf56399ebabf47e9893540c6f2067dd6-----------------------------2017-12-21 09:30:53.0955---------------------------
/Service/InternalService.ashx?t=QueryOrderDetail&jetDefinedOrderId=4f2fc03aa4c545da93862efb727a6071&_=1513819853048

809bbfcd7ae54898b55b1a2ff39a53a1-----------------------------2017-12-21 09:30:53.0955---------------------------
请求地址:https://merchant-api.jet.com/api/orders/withoutShipmentDetail/4f2fc03aa4c545da93862efb727a6071

1471f34b1ba94034bf56310635240be8-----------------------------2017-12-21 09:30:54.7026---------------------------
请求服务获得返回:{
  "alt_order_id": "873699361761",
  "buyer": {
    "name": "Homer Simpson",
    "phone_number": "212-212-8880"
  },
  "customer_reference_order_id": "371871199512",
  "fulfillment_node": "80a760157ee64efcabda2dd6c0a4f71a",
  "has_shipments": false,
  "hash_email": "591600580804@customer.jet.com",
  "jet_request_directed_cancel": false,
  "merchant_order_id": "4f2fc03aa4c545da93862efb727a6071",
  "order_detail": {
    "request_shipping_method": "FedEx Ground",
    "request_shipping_carrier": "FedEx",
    "request_service_level": "SecondDay",
    "request_ship_by": "2017-12-20T08:36:53.7567923Z",
    "request_delivery_by": "2017-12-21T08:36:53.7567923Z"
  },
  "order_items": [
    {
      "order_item_id": "1ed8a5e1619f492987f18c521e827127",
      "merchant_sku": "1233",
      "request_order_quantity": 1,
      "request_order_cancel_qty": 0,
      "item_tax_code": "",
      "item_price": {
        "item_tax": null,
        "item_shipping_cost": 2.46,
        "item_shipping_tax": null,
        "base_price": 123
      },
      "product_title": "My Product1",
      "url": "http://www.jet.com/api/merchant_skus/1233"
    }
  ],
  "order_placed_date": "2017-12-19T08:35:53.7567923Z",
  "order_totals": {
    "item_price": {
      "item_tax": null,
      "item_shipping_cost": 2.46,
      "item_shipping_tax": null,
      "base_price": 123
    }
  },
  "order_transmission_date": "2017-12-19T08:36:53.7567923Z",
  "reference_order_id": "247457272351",
  "shipping_to": {
    "recipient": {
      "name": "Marge Simpson",
      "phone_number": "212-212-9823"
    },
    "address": {
      "address1": "40 Oak street",
      "address2": "",
      "city": "Altitude",
      "state": "MS",
      "zip_code": "38829"
    }
  },
  "status": "ready"
}

d317425d967f480bb03e736d1b641b1f-----------------------------2017-12-21 09:33:06.8548---------------------------
/Service/InternalService.ashx?t=QueryOrderDetail&jetDefinedOrderId=4f2fc03aa4c545da93862efb727a6071&_=1513819986786

bafd3ae7410243f98576c9b40963ed10-----------------------------2017-12-21 09:33:06.8548---------------------------
请求地址:https://merchant-api.jet.com/api/orders/withoutShipmentDetail/4f2fc03aa4c545da93862efb727a6071

eab0798e9913498e8eb1ee6ab29f1996-----------------------------2017-12-21 09:33:08.1627---------------------------
请求服务获得返回:{
  "alt_order_id": "873699361761",
  "buyer": {
    "name": "Homer Simpson",
    "phone_number": "212-212-8880"
  },
  "customer_reference_order_id": "371871199512",
  "fulfillment_node": "80a760157ee64efcabda2dd6c0a4f71a",
  "has_shipments": false,
  "hash_email": "591600580804@customer.jet.com",
  "jet_request_directed_cancel": false,
  "merchant_order_id": "4f2fc03aa4c545da93862efb727a6071",
  "order_detail": {
    "request_shipping_method": "FedEx Ground",
    "request_shipping_carrier": "FedEx",
    "request_service_level": "SecondDay",
    "request_ship_by": "2017-12-20T08:36:53.7567923Z",
    "request_delivery_by": "2017-12-21T08:36:53.7567923Z"
  },
  "order_items": [
    {
      "order_item_id": "1ed8a5e1619f492987f18c521e827127",
      "merchant_sku": "1233",
      "request_order_quantity": 1,
      "request_order_cancel_qty": 0,
      "item_tax_code": "",
      "item_price": {
        "item_tax": null,
        "item_shipping_cost": 2.46,
        "item_shipping_tax": null,
        "base_price": 123
      },
      "product_title": "My Product1",
      "url": "http://www.jet.com/api/merchant_skus/1233"
    }
  ],
  "order_placed_date": "2017-12-19T08:35:53.7567923Z",
  "order_totals": {
    "item_price": {
      "item_tax": null,
      "item_shipping_cost": 2.46,
      "item_shipping_tax": null,
      "base_price": 123
    }
  },
  "order_transmission_date": "2017-12-19T08:36:53.7567923Z",
  "reference_order_id": "247457272351",
  "shipping_to": {
    "recipient": {
      "name": "Marge Simpson",
      "phone_number": "212-212-9823"
    },
    "address": {
      "address1": "40 Oak street",
      "address2": "",
      "city": "Altitude",
      "state": "MS",
      "zip_code": "38829"
    }
  },
  "status": "ready"
}

ce0e0ce80d0d46f884696a7582dbcdcd-----------------------------2017-12-21 09:38:41.3040---------------------------
/Service/InternalService.ashx?t=QueryOrderDetail&jetDefinedOrderId=4f2fc03aa4c545da93862efb727a6071&_=1513820321252

5a2fec0e27d1494a8750af0d1f19de97-----------------------------2017-12-21 09:38:41.3050---------------------------
请求地址:https://merchant-api.jet.com/api/orders/withoutShipmentDetail/4f2fc03aa4c545da93862efb727a6071

60e61dd8588246b298ab61d6b796103a-----------------------------2017-12-21 09:38:42.7631---------------------------
请求服务获得返回:{
  "alt_order_id": "873699361761",
  "buyer": {
    "name": "Homer Simpson",
    "phone_number": "212-212-8880"
  },
  "customer_reference_order_id": "371871199512",
  "fulfillment_node": "80a760157ee64efcabda2dd6c0a4f71a",
  "has_shipments": false,
  "hash_email": "591600580804@customer.jet.com",
  "jet_request_directed_cancel": false,
  "merchant_order_id": "4f2fc03aa4c545da93862efb727a6071",
  "order_detail": {
    "request_shipping_method": "FedEx Ground",
    "request_shipping_carrier": "FedEx",
    "request_service_level": "SecondDay",
    "request_ship_by": "2017-12-20T08:36:53.7567923Z",
    "request_delivery_by": "2017-12-21T08:36:53.7567923Z"
  },
  "order_items": [
    {
      "order_item_id": "1ed8a5e1619f492987f18c521e827127",
      "merchant_sku": "1233",
      "request_order_quantity": 1,
      "request_order_cancel_qty": 0,
      "item_tax_code": "",
      "item_price": {
        "item_tax": null,
        "item_shipping_cost": 2.46,
        "item_shipping_tax": null,
        "base_price": 123
      },
      "product_title": "My Product1",
      "url": "http://www.jet.com/api/merchant_skus/1233"
    }
  ],
  "order_placed_date": "2017-12-19T08:35:53.7567923Z",
  "order_totals": {
    "item_price": {
      "item_tax": null,
      "item_shipping_cost": 2.46,
      "item_shipping_tax": null,
      "base_price": 123
    }
  },
  "order_transmission_date": "2017-12-19T08:36:53.7567923Z",
  "reference_order_id": "247457272351",
  "shipping_to": {
    "recipient": {
      "name": "Marge Simpson",
      "phone_number": "212-212-9823"
    },
    "address": {
      "address1": "40 Oak street",
      "address2": "",
      "city": "Altitude",
      "state": "MS",
      "zip_code": "38829"
    }
  },
  "status": "ready"
}

12f7257deb384aaead98f928372088aa-----------------------------2017-12-21 09:39:02.2216---------------------------
/Service/InternalService.ashx?t=QueryOrderDetail&jetDefinedOrderId=4f2fc03aa4c545da93862efb727a6071&_=1513820342116

ea2be645c4a44ab48b93093d5d2c23cf-----------------------------2017-12-21 09:39:02.2216---------------------------
请求地址:https://merchant-api.jet.com/api/orders/withoutShipmentDetail/4f2fc03aa4c545da93862efb727a6071

066dbceb838549faa4067bf4920e3a11-----------------------------2017-12-21 09:39:02.6569---------------------------
请求服务获得返回:{
  "alt_order_id": "873699361761",
  "buyer": {
    "name": "Homer Simpson",
    "phone_number": "212-212-8880"
  },
  "customer_reference_order_id": "371871199512",
  "fulfillment_node": "80a760157ee64efcabda2dd6c0a4f71a",
  "has_shipments": false,
  "hash_email": "591600580804@customer.jet.com",
  "jet_request_directed_cancel": false,
  "merchant_order_id": "4f2fc03aa4c545da93862efb727a6071",
  "order_detail": {
    "request_shipping_method": "FedEx Ground",
    "request_shipping_carrier": "FedEx",
    "request_service_level": "SecondDay",
    "request_ship_by": "2017-12-20T08:36:53.7567923Z",
    "request_delivery_by": "2017-12-21T08:36:53.7567923Z"
  },
  "order_items": [
    {
      "order_item_id": "1ed8a5e1619f492987f18c521e827127",
      "merchant_sku": "1233",
      "request_order_quantity": 1,
      "request_order_cancel_qty": 0,
      "item_tax_code": "",
      "item_price": {
        "item_tax": null,
        "item_shipping_cost": 2.46,
        "item_shipping_tax": null,
        "base_price": 123
      },
      "product_title": "My Product1",
      "url": "http://www.jet.com/api/merchant_skus/1233"
    }
  ],
  "order_placed_date": "2017-12-19T08:35:53.7567923Z",
  "order_totals": {
    "item_price": {
      "item_tax": null,
      "item_shipping_cost": 2.46,
      "item_shipping_tax": null,
      "base_price": 123
    }
  },
  "order_transmission_date": "2017-12-19T08:36:53.7567923Z",
  "reference_order_id": "247457272351",
  "shipping_to": {
    "recipient": {
      "name": "Marge Simpson",
      "phone_number": "212-212-9823"
    },
    "address": {
      "address1": "40 Oak street",
      "address2": "",
      "city": "Altitude",
      "state": "MS",
      "zip_code": "38829"
    }
  },
  "status": "ready"
}

d4216412bdf545fc864e8b587e603ecb-----------------------------2017-12-21 09:43:47.7138---------------------------
/Service/InternalService.ashx?t=QueryOrderDetail&jetDefinedOrderId=4f2fc03aa4c545da93862efb727a6071&_=1513820627616

b8a8caf020b646379196bac40416de15-----------------------------2017-12-21 09:43:47.7138---------------------------
请求地址:https://merchant-api.jet.com/api/orders/withoutShipmentDetail/4f2fc03aa4c545da93862efb727a6071

bedbd2ea95314ec5becbcfe5c65e1b66-----------------------------2017-12-21 09:43:49.0759---------------------------
请求服务获得返回:{
  "alt_order_id": "873699361761",
  "buyer": {
    "name": "Homer Simpson",
    "phone_number": "212-212-8880"
  },
  "customer_reference_order_id": "371871199512",
  "fulfillment_node": "80a760157ee64efcabda2dd6c0a4f71a",
  "has_shipments": false,
  "hash_email": "591600580804@customer.jet.com",
  "jet_request_directed_cancel": false,
  "merchant_order_id": "4f2fc03aa4c545da93862efb727a6071",
  "order_detail": {
    "request_shipping_method": "FedEx Ground",
    "request_shipping_carrier": "FedEx",
    "request_service_level": "SecondDay",
    "request_ship_by": "2017-12-20T08:36:53.7567923Z",
    "request_delivery_by": "2017-12-21T08:36:53.7567923Z"
  },
  "order_items": [
    {
      "order_item_id": "1ed8a5e1619f492987f18c521e827127",
      "merchant_sku": "1233",
      "request_order_quantity": 1,
      "request_order_cancel_qty": 0,
      "item_tax_code": "",
      "item_price": {
        "item_tax": null,
        "item_shipping_cost": 2.46,
        "item_shipping_tax": null,
        "base_price": 123
      },
      "product_title": "My Product1",
      "url": "http://www.jet.com/api/merchant_skus/1233"
    }
  ],
  "order_placed_date": "2017-12-19T08:35:53.7567923Z",
  "order_totals": {
    "item_price": {
      "item_tax": null,
      "item_shipping_cost": 2.46,
      "item_shipping_tax": null,
      "base_price": 123
    }
  },
  "order_transmission_date": "2017-12-19T08:36:53.7567923Z",
  "reference_order_id": "247457272351",
  "shipping_to": {
    "recipient": {
      "name": "Marge Simpson",
      "phone_number": "212-212-9823"
    },
    "address": {
      "address1": "40 Oak street",
      "address2": "",
      "city": "Altitude",
      "state": "MS",
      "zip_code": "38829"
    }
  },
  "status": "ready"
}

9e187ac0a978490cb7103f9ca72b6dbd-----------------------------2017-12-21 09:44:47.5952---------------------------
/Service/InternalService.ashx?t=QueryOrderDetail&jetDefinedOrderId=4f2fc03aa4c545da93862efb727a6071&_=1513820687438

efbbc49c438e4c86b349a3ce1aea7d99-----------------------------2017-12-21 09:44:47.5952---------------------------
请求地址:https://merchant-api.jet.com/api/orders/withoutShipmentDetail/4f2fc03aa4c545da93862efb727a6071

fbccb091e94041feae8a6393493b6874-----------------------------2017-12-21 09:44:47.9958---------------------------
请求服务获得返回:{
  "alt_order_id": "873699361761",
  "buyer": {
    "name": "Homer Simpson",
    "phone_number": "212-212-8880"
  },
  "customer_reference_order_id": "371871199512",
  "fulfillment_node": "80a760157ee64efcabda2dd6c0a4f71a",
  "has_shipments": false,
  "hash_email": "591600580804@customer.jet.com",
  "jet_request_directed_cancel": false,
  "merchant_order_id": "4f2fc03aa4c545da93862efb727a6071",
  "order_detail": {
    "request_shipping_method": "FedEx Ground",
    "request_shipping_carrier": "FedEx",
    "request_service_level": "SecondDay",
    "request_ship_by": "2017-12-20T08:36:53.7567923Z",
    "request_delivery_by": "2017-12-21T08:36:53.7567923Z"
  },
  "order_items": [
    {
      "order_item_id": "1ed8a5e1619f492987f18c521e827127",
      "merchant_sku": "1233",
      "request_order_quantity": 1,
      "request_order_cancel_qty": 0,
      "item_tax_code": "",
      "item_price": {
        "item_tax": null,
        "item_shipping_cost": 2.46,
        "item_shipping_tax": null,
        "base_price": 123
      },
      "product_title": "My Product1",
      "url": "http://www.jet.com/api/merchant_skus/1233"
    }
  ],
  "order_placed_date": "2017-12-19T08:35:53.7567923Z",
  "order_totals": {
    "item_price": {
      "item_tax": null,
      "item_shipping_cost": 2.46,
      "item_shipping_tax": null,
      "base_price": 123
    }
  },
  "order_transmission_date": "2017-12-19T08:36:53.7567923Z",
  "reference_order_id": "247457272351",
  "shipping_to": {
    "recipient": {
      "name": "Marge Simpson",
      "phone_number": "212-212-9823"
    },
    "address": {
      "address1": "40 Oak street",
      "address2": "",
      "city": "Altitude",
      "state": "MS",
      "zip_code": "38829"
    }
  },
  "status": "ready"
}

eb2d5670ab2c424a8d0832c8ddfb9a99-----------------------------2017-12-21 09:45:37.9813---------------------------
/Service/InternalService.ashx?t=QueryOrderDetail&jetDefinedOrderId=4f2fc03aa4c545da93862efb727a6071&_=1513820737833

c58df43ad4984dd382e76c4161b8310c-----------------------------2017-12-21 09:45:37.9813---------------------------
请求地址:https://merchant-api.jet.com/api/orders/withoutShipmentDetail/4f2fc03aa4c545da93862efb727a6071

75dc83c975db47af8a9e4da21db61515-----------------------------2017-12-21 09:45:38.2908---------------------------
请求服务获得返回:{
  "alt_order_id": "873699361761",
  "buyer": {
    "name": "Homer Simpson",
    "phone_number": "212-212-8880"
  },
  "customer_reference_order_id": "371871199512",
  "fulfillment_node": "80a760157ee64efcabda2dd6c0a4f71a",
  "has_shipments": false,
  "hash_email": "591600580804@customer.jet.com",
  "jet_request_directed_cancel": false,
  "merchant_order_id": "4f2fc03aa4c545da93862efb727a6071",
  "order_detail": {
    "request_shipping_method": "FedEx Ground",
    "request_shipping_carrier": "FedEx",
    "request_service_level": "SecondDay",
    "request_ship_by": "2017-12-20T08:36:53.7567923Z",
    "request_delivery_by": "2017-12-21T08:36:53.7567923Z"
  },
  "order_items": [
    {
      "order_item_id": "1ed8a5e1619f492987f18c521e827127",
      "merchant_sku": "1233",
      "request_order_quantity": 1,
      "request_order_cancel_qty": 0,
      "item_tax_code": "",
      "item_price": {
        "item_tax": null,
        "item_shipping_cost": 2.46,
        "item_shipping_tax": null,
        "base_price": 123
      },
      "product_title": "My Product1",
      "url": "http://www.jet.com/api/merchant_skus/1233"
    }
  ],
  "order_placed_date": "2017-12-19T08:35:53.7567923Z",
  "order_totals": {
    "item_price": {
      "item_tax": null,
      "item_shipping_cost": 2.46,
      "item_shipping_tax": null,
      "base_price": 123
    }
  },
  "order_transmission_date": "2017-12-19T08:36:53.7567923Z",
  "reference_order_id": "247457272351",
  "shipping_to": {
    "recipient": {
      "name": "Marge Simpson",
      "phone_number": "212-212-9823"
    },
    "address": {
      "address1": "40 Oak street",
      "address2": "",
      "city": "Altitude",
      "state": "MS",
      "zip_code": "38829"
    }
  },
  "status": "ready"
}

866d8adf27a6472eb851363f7ada72a0-----------------------------2017-12-21 09:47:49.6209---------------------------
/Service/InternalService.ashx?t=QueryOrderDetail&jetDefinedOrderId=4f2fc03aa4c545da93862efb727a6071&_=1513820869489

7dd9b6fd95b042d5b23534799954fb48-----------------------------2017-12-21 09:47:49.6209---------------------------
请求地址:https://merchant-api.jet.com/api/orders/withoutShipmentDetail/4f2fc03aa4c545da93862efb727a6071

f30ca6a53f5547eab32fd04870809be6-----------------------------2017-12-21 09:47:51.2784---------------------------
请求服务获得返回:{
  "alt_order_id": "873699361761",
  "buyer": {
    "name": "Homer Simpson",
    "phone_number": "212-212-8880"
  },
  "customer_reference_order_id": "371871199512",
  "fulfillment_node": "80a760157ee64efcabda2dd6c0a4f71a",
  "has_shipments": false,
  "hash_email": "591600580804@customer.jet.com",
  "jet_request_directed_cancel": false,
  "merchant_order_id": "4f2fc03aa4c545da93862efb727a6071",
  "order_detail": {
    "request_shipping_method": "FedEx Ground",
    "request_shipping_carrier": "FedEx",
    "request_service_level": "SecondDay",
    "request_ship_by": "2017-12-20T08:36:53.7567923Z",
    "request_delivery_by": "2017-12-21T08:36:53.7567923Z"
  },
  "order_items": [
    {
      "order_item_id": "1ed8a5e1619f492987f18c521e827127",
      "merchant_sku": "1233",
      "request_order_quantity": 1,
      "request_order_cancel_qty": 0,
      "item_tax_code": "",
      "item_price": {
        "item_tax": null,
        "item_shipping_cost": 2.46,
        "item_shipping_tax": null,
        "base_price": 123
      },
      "product_title": "My Product1",
      "url": "http://www.jet.com/api/merchant_skus/1233"
    }
  ],
  "order_placed_date": "2017-12-19T08:35:53.7567923Z",
  "order_totals": {
    "item_price": {
      "item_tax": null,
      "item_shipping_cost": 2.46,
      "item_shipping_tax": null,
      "base_price": 123
    }
  },
  "order_transmission_date": "2017-12-19T08:36:53.7567923Z",
  "reference_order_id": "247457272351",
  "shipping_to": {
    "recipient": {
      "name": "Marge Simpson",
      "phone_number": "212-212-9823"
    },
    "address": {
      "address1": "40 Oak street",
      "address2": "",
      "city": "Altitude",
      "state": "MS",
      "zip_code": "38829"
    }
  },
  "status": "ready"
}
