
ef345414e3cb46bdb1a20535938a56e2-----------------------------2017-12-23 12:02:33.0790---------------------------
/Service/InternalService.ashx?t=QueryReturnOrder&status=created&_=1514001745567

22422aa798794bbaa2352b84ac0b33af-----------------------------2017-12-23 12:02:33.1951---------------------------
请求地址:https://merchant-api.jet.com/api/returns/created

f200fa1c78214afe8d7cf513f15f193b-----------------------------2017-12-23 12:02:35.0798---------------------------
/Service/InternalService.ashx?t=QueryReturnOrder&status=created&_=1514001745568

43781b19235543a89e7d94730640316c-----------------------------2017-12-23 12:02:35.0808---------------------------
请求地址:https://merchant-api.jet.com/api/returns/created

db55786e753446859dbba04be249aad4-----------------------------2017-12-23 12:02:38.3838---------------------------
/Service/InternalService.ashx?t=QueryReturnOrder&status=created&_=1514001745569

60c574ae2b1c44d4ba1f03a34d0c89d5-----------------------------2017-12-23 12:02:38.3838---------------------------
请求地址:https://merchant-api.jet.com/api/returns/created

c27d17a35acd47e9af8abfc3d297b910-----------------------------2017-12-23 12:03:15.1634---------------------------
/Service/InternalService.ashx?t=QueryReturnOrder&status=created&_=1514001745570

a2c77662296a482fa45a3ef46232166d-----------------------------2017-12-23 12:03:15.1634---------------------------
请求地址:https://merchant-api.jet.com/api/returns/created

3b928c15bbb04dbf8baa0fe141ea1060-----------------------------2017-12-23 12:03:17.0238---------------------------
请求地址:https://merchant-api.jet.com/api/token,发送报文:{ "user":"9BD7AA25D356387250E97564D2B91B4A29E7B677","pass":"G/93glgnE+S2tRhvyE9/RavsBZMR385jqRl+o+172T3T" }

64d3d6ebbd414077926847fb033deefd-----------------------------2017-12-23 12:03:17.7483---------------------------
请求服务获得返回:{
  "id_token": "eyJ0eXAiOiJKV1QiLCJhbGciOiJSUzI1NiIsIng1dCI6IldscUZYb2E1WkxSQ0hldmxwa1BHOVdHS0JrMCJ9.eyJpc19zYW5kYm94X3VpZCI6InRydWUiLCJtZXJjaGFudF9pZCI6ImM0OTA4MjFhM2VlZDRjNzRiMTUzNTVhYTUwM2Q4ZGQ3IiwicGFydG5lcl90eXBlIjoiTWVyY2hhbnQiLCJzY29wZSI6Imlyb25tYW4tYXBpIiwiaXNzIjoiamV0LmNvbSIsImV4cCI6MTUxNDAzNzc5NywibmJmIjoxNTE0MDAxNzk3fQ.IS_FGkpPrnWFsZX2DaRTfA0J5hxu-HGcGDxhRXQ4nn3Od6yuqfMAfUmBItku03OG0fbTulTAkHnlO9XyPWRpGdNCdVl03-uHjAIbiUTND8L4cFl-AbhyvyuLZ_XJnx1DVN4hCkN1zPWBtNcr1gFPZM-pOZdojqni-0eTIBsyFtUG0FlcD_8qpBoXQjovossc4oB68zrGv3HuSTXZoI87TePLya-Rf9a1N2vUjuki0EE9W61TKn7cn8KNaZaNJXHvywfozHLugA6KpMfXZGnAI06AIRu24z7dNq5NTHxK5_VrmbVGHNt07RZfCO2-D-beEifT3Vi4oCzZfSSGsjMCKHrWfc9LhS2NEXW19EV_f5j1opDYmB8uXAd39hynXmyKHX0idcYd7itq5fQfWxCqjQO6PoEBqI8eibuJdlMWfYVpdKfCxfWBHV1BLccmHlslfScLnkYSzymL_q5yQG-xMLw9XBIDpBqWSmsQNz3mI6JIPFJ1kkSx9vsS46eHyYKwSUh1YVEmgbepDVqF8Zq0l0VyXUFkzv4FpRRUN3E6alpuQtFEfvwVS2iX7svxL32vAcNL7PK47tP0B5RqlhIlBBeVGNXC_rH-ko8AV2p9XslXp1TxN6j4ehMYI04uUrM-LP01g8E9-cedagCJTlNVehwXokZjGCIHjjq5Gt9Mgek",
  "token_type": "Bearer",
  "expires_on": "2017-12-23T14:03:17Z"
}

1571105bce62425a99197487899a1fdb-----------------------------2017-12-23 12:03:25.0952---------------------------
/Service/InternalService.ashx?t=QueryReturnOrder&status=created&_=1514001745571

72eb368876304940bb7258d5c273b256-----------------------------2017-12-23 12:03:25.0952---------------------------
请求地址:https://merchant-api.jet.com/api/returns/created

238986b08231487384c6ab991c20bd79-----------------------------2017-12-23 12:03:25.4154---------------------------
请求服务获得返回:{
  "return_urls": [
    "/returns/state/50e1e7fc2bba4c219c847eb91ce1d815"
  ]
}

f792e33b80564a3dbc76b9d65903a6b9-----------------------------2017-12-23 12:03:27.5499---------------------------
/Service/InternalService.ashx?t=QueryReturnOrderDetail&jetDefinedOrderId=50e1e7fc2bba4c219c847eb91ce1d815&_=1514001807507

a4ec13b1934e4b0eb9ea12a45e57c088-----------------------------2017-12-23 12:03:27.5499---------------------------
请求地址:https://merchant-api.jet.com/api/returns/state/50e1e7fc2bba4c219c847eb91ce1d815

3375016f370144a1a4b67e6300e4eef3-----------------------------2017-12-23 12:03:28.0413---------------------------
请求服务获得返回:{
  "agree_to_return_charge": false,
  "alt_order_id": "087882510526",
  "items": [],
  "merchant_order_id": "9ecbac5af5244424a2727c325725533e",
  "merchant_return_authorization_id": "50e1e7fc2bba4c219c847eb91ce1d815",
  "merchant_return_charge": 4.15,
  "reference_order_id": "146066449050",
  "reference_return_authorization_id": "IBHM05Q8N6766OUHAK0GCUNH5B",
  "refund_without_return": false,
  "return_completion_date": "2017-12-22T06:00:07.3198015+00:00",
  "return_date": "2017-12-22T05:59:07",
  "return_location": [],
  "return_merchant_SKUs": [
    {
      "merchant_sku": "1233",
      "order_item_id": "b1fc987e25e74fc09e1b61f14942bcd8",
      "reason": "Unwanted gift",
      "requested_refund_amount": {
        "principal": 123,
        "tax": 0,
        "shipping_cost": 3.69,
        "shipping_tax": 0
      },
      "return_quantity": 1
    },
    {
      "merchant_sku": "1234",
      "order_item_id": "90ffed68442b431eb1bd25a21dceb4f8",
      "reason": "Unauthorized purchase",
      "requested_refund_amount": {
        "principal": 21,
        "tax": 0,
        "shipping_cost": 1.05,
        "shipping_tax": 0
      },
      "return_quantity": 1
    }
  ],
  "return_status": "created",
  "shipping_carrier": "UPS",
  "tracking_number": "1Z23W4561233459284"
}

159262814a2241e7b1edfef82657e048-----------------------------2017-12-23 12:04:10.2481---------------------------
/Service/InternalService.ashx?t=QueryReturnOrder&status=created&_=1514001745572

b10325afa79b4f3a8472db1fe0cd8501-----------------------------2017-12-23 12:04:10.2481---------------------------
请求地址:https://merchant-api.jet.com/api/returns/created

d110d1e4af124466a3e5a394974df157-----------------------------2017-12-23 12:04:10.7025---------------------------
请求服务获得返回:{
  "return_urls": [
    "/returns/state/50e1e7fc2bba4c219c847eb91ce1d815",
    "/returns/state/13ec3ec34c7b49e8ada7a0cff0240f11"
  ]
}

a9faf71f914648ed934b4a3ba40b3382-----------------------------2017-12-23 12:04:17.0744---------------------------
/Service/InternalService.ashx?t=QueryReturnOrderDetail&jetDefinedOrderId=50e1e7fc2bba4c219c847eb91ce1d815&_=1514001857047

61089f2602b34bafabd0e9a8888cf026-----------------------------2017-12-23 12:04:17.0744---------------------------
请求地址:https://merchant-api.jet.com/api/returns/state/50e1e7fc2bba4c219c847eb91ce1d815

81f418ccfab2464cb15e0ce9007fd055-----------------------------2017-12-23 12:04:17.5417---------------------------
请求服务获得返回:{
  "agree_to_return_charge": false,
  "alt_order_id": "087882510526",
  "items": [],
  "merchant_order_id": "9ecbac5af5244424a2727c325725533e",
  "merchant_return_authorization_id": "50e1e7fc2bba4c219c847eb91ce1d815",
  "merchant_return_charge": 4.15,
  "reference_order_id": "146066449050",
  "reference_return_authorization_id": "IBHM05Q8N6766OUHAK0GCUNH5B",
  "refund_without_return": false,
  "return_completion_date": "2017-12-22T06:00:07.3198015+00:00",
  "return_date": "2017-12-22T05:59:07",
  "return_location": [],
  "return_merchant_SKUs": [
    {
      "merchant_sku": "1233",
      "order_item_id": "b1fc987e25e74fc09e1b61f14942bcd8",
      "reason": "Unwanted gift",
      "requested_refund_amount": {
        "principal": 123,
        "tax": 0,
        "shipping_cost": 3.69,
        "shipping_tax": 0
      },
      "return_quantity": 1
    },
    {
      "merchant_sku": "1234",
      "order_item_id": "90ffed68442b431eb1bd25a21dceb4f8",
      "reason": "Unauthorized purchase",
      "requested_refund_amount": {
        "principal": 21,
        "tax": 0,
        "shipping_cost": 1.05,
        "shipping_tax": 0
      },
      "return_quantity": 1
    }
  ],
  "return_status": "created",
  "shipping_carrier": "UPS",
  "tracking_number": "1Z23W4561233459284"
}

e2c75287f4734155a9e65796898e3951-----------------------------2017-12-23 12:07:35.4426---------------------------
/Service/InternalService.ashx?t=QueryOrder&status=complete&isCancel=0&nodeId=80a760157ee64efcabda2dd6c0a4f71a&_=1514001954573

9001bbf9255f4ef597b43805480d7333-----------------------------2017-12-23 12:07:35.4426---------------------------
请求地址:https://merchant-api.jet.com/api/orders/complete?isCancelled=False&fulfillment_node=80a760157ee64efcabda2dd6c0a4f71a

fba3020f238a42bf97398ed8ba1dfbbe-----------------------------2017-12-23 12:07:36.4445---------------------------
请求服务获得返回:{
  "order_urls": [
    "/orders/withoutShipmentDetail/4f2fc03aa4c545da93862efb727a6071",
    "/orders/withoutShipmentDetail/6fb846355aca40aab331757eeeec5cd2",
    "/orders/withoutShipmentDetail/9ecbac5af5244424a2727c325725533e",
    "/orders/withoutShipmentDetail/8eaf3736eded4c988478e687b04d37de",
    "/orders/withoutShipmentDetail/ae57898a1a894638a36a392260e16b85"
  ]
}

df483310ff7048269572e7e628c6b63a-----------------------------2017-12-23 12:07:42.4325---------------------------
/Service/InternalService.ashx?t=QueryOrderDetail&jetDefinedOrderId=8eaf3736eded4c988478e687b04d37de&_=1514002062390

4cbd95bbf9e645798992ec47d5eee02b-----------------------------2017-12-23 12:07:42.4325---------------------------
请求地址:https://merchant-api.jet.com/api/orders/withoutShipmentDetail/8eaf3736eded4c988478e687b04d37de

5e14f8a4aae545bf8e4038d729c11632-----------------------------2017-12-23 12:07:42.7144---------------------------
请求服务获得返回:{
  "acknowledgement_status": "accepted",
  "alt_order_id": "574923840190",
  "buyer": {
    "name": "Bart Simpson",
    "phone_number": "212-212-7331"
  },
  "customer_reference_order_id": "909963099444",
  "fulfillment_node": "80a760157ee64efcabda2dd6c0a4f71a",
  "has_shipments": false,
  "hash_email": "162447635605@customer.jet.com",
  "jet_request_directed_cancel": false,
  "merchant_order_id": "8eaf3736eded4c988478e687b04d37de",
  "order_acknowledge_date": "2017-12-22T00:52:25Z",
  "order_detail": {
    "request_shipping_method": "FedEx Ground",
    "request_shipping_carrier": "UPS",
    "request_service_level": "Scheduled (freight)",
    "request_ship_by": "2017-12-22T05:34:04.3641936Z",
    "request_delivery_by": "2017-12-23T05:34:04.3641936Z"
  },
  "order_items": [
    {
      "order_item_id": "4d0b6daacd634af480ead7f4cebf7a03",
      "merchant_sku": "1234",
      "request_order_quantity": 1,
      "request_order_cancel_qty": 0,
      "item_tax_code": "",
      "item_price": {
        "item_tax": null,
        "item_shipping_cost": 1.05,
        "item_shipping_tax": null,
        "base_price": 21
      },
      "product_title": "prod tommy ",
      "url": "http://www.jet.com/api/merchant_skus/1234",
      "order_item_acknowledgement_status": "fulfillable"
    }
  ],
  "order_placed_date": "2017-12-21T05:33:04.3641936Z",
  "order_totals": {
    "item_price": {
      "item_tax": null,
      "item_shipping_cost": 1.05,
      "item_shipping_tax": null,
      "base_price": 21
    }
  },
  "order_transmission_date": "2017-12-21T05:34:04.3641936Z",
  "reference_order_id": "343006488184",
  "shipments": [
    {
      "carrier": "UPS",
      "expected_delivery_date": "2017-12-21T07:03:04.0000000-07:03",
      "response_shipment_date": "2017-12-21T05:02:03.0000000-05:02",
      "response_shipment_method": "FedEx Ground",
      "ship_from_zip_code": "07030",
      "shipment_id": "88b069daabcd42589831c04537d16dea",
      "shipment_items": [
        {
          "merchant_sku": "1234",
          "response_shipment_sku_quantity": 1,
          "response_shipment_cancel_qty": 0
        }
      ],
      "shipment_message_date": "2017-12-22T01:19:09Z",
      "shipment_tracking_number": "1Z123456789101112131415"
    }
  ],
  "shipping_to": {
    "recipient": {
      "name": "Lisa Simpson",
      "phone_number": "212-212-6118"
    },
    "address": {
      "address1": "78 Birch street",
      "address2": "",
      "city": "Old Cairo",
      "state": "MS",
      "zip_code": "38829"
    }
  },
  "status": "complete"
}

74995aee19aa42549259737513c8d80b-----------------------------2017-12-23 12:09:43.8128---------------------------
/Service/InternalService.ashx?t=QueryReturnOrderDetail&jetDefinedOrderId=50e1e7fc2bba4c219c847eb91ce1d815&_=1514002183775

dab57fddecf8472189ae3ce3bbda94ab-----------------------------2017-12-23 12:09:43.8128---------------------------
请求地址:https://merchant-api.jet.com/api/returns/state/50e1e7fc2bba4c219c847eb91ce1d815

bdfb0a30d47a42b397120019e235ce63-----------------------------2017-12-23 12:09:44.9016---------------------------
请求服务获得返回:{
  "agree_to_return_charge": false,
  "alt_order_id": "087882510526",
  "items": [],
  "merchant_order_id": "9ecbac5af5244424a2727c325725533e",
  "merchant_return_authorization_id": "50e1e7fc2bba4c219c847eb91ce1d815",
  "merchant_return_charge": 4.15,
  "reference_order_id": "146066449050",
  "reference_return_authorization_id": "IBHM05Q8N6766OUHAK0GCUNH5B",
  "refund_without_return": false,
  "return_completion_date": "2017-12-22T06:00:07.3198015+00:00",
  "return_date": "2017-12-22T05:59:07",
  "return_location": [],
  "return_merchant_SKUs": [
    {
      "merchant_sku": "1233",
      "order_item_id": "b1fc987e25e74fc09e1b61f14942bcd8",
      "reason": "Unwanted gift",
      "requested_refund_amount": {
        "principal": 123,
        "tax": 0,
        "shipping_cost": 3.69,
        "shipping_tax": 0
      },
      "return_quantity": 1
    },
    {
      "merchant_sku": "1234",
      "order_item_id": "90ffed68442b431eb1bd25a21dceb4f8",
      "reason": "Unauthorized purchase",
      "requested_refund_amount": {
        "principal": 21,
        "tax": 0,
        "shipping_cost": 1.05,
        "shipping_tax": 0
      },
      "return_quantity": 1
    }
  ],
  "return_status": "created",
  "shipping_carrier": "UPS",
  "tracking_number": "1Z23W4561233459284"
}

94ac5a0b3cd74e8583c634554392bf84-----------------------------2017-12-23 12:10:12.2768---------------------------
/Service/InternalService.ashx?t=QueryReturnOrderDetail&jetDefinedOrderId=50e1e7fc2bba4c219c847eb91ce1d815&_=1514002212237

e290062a1add4a8d8e5c5f1d72974c00-----------------------------2017-12-23 12:10:12.2768---------------------------
请求地址:https://merchant-api.jet.com/api/returns/state/50e1e7fc2bba4c219c847eb91ce1d815

c51147aa883a4027835cca5f4983f755-----------------------------2017-12-23 12:10:12.7350---------------------------
请求服务获得返回:{
  "agree_to_return_charge": false,
  "alt_order_id": "087882510526",
  "items": [],
  "merchant_order_id": "9ecbac5af5244424a2727c325725533e",
  "merchant_return_authorization_id": "50e1e7fc2bba4c219c847eb91ce1d815",
  "merchant_return_charge": 4.15,
  "reference_order_id": "146066449050",
  "reference_return_authorization_id": "IBHM05Q8N6766OUHAK0GCUNH5B",
  "refund_without_return": false,
  "return_completion_date": "2017-12-22T06:00:07.3198015+00:00",
  "return_date": "2017-12-22T05:59:07",
  "return_location": [],
  "return_merchant_SKUs": [
    {
      "merchant_sku": "1233",
      "order_item_id": "b1fc987e25e74fc09e1b61f14942bcd8",
      "reason": "Unwanted gift",
      "requested_refund_amount": {
        "principal": 123,
        "tax": 0,
        "shipping_cost": 3.69,
        "shipping_tax": 0
      },
      "return_quantity": 1
    },
    {
      "merchant_sku": "1234",
      "order_item_id": "90ffed68442b431eb1bd25a21dceb4f8",
      "reason": "Unauthorized purchase",
      "requested_refund_amount": {
        "principal": 21,
        "tax": 0,
        "shipping_cost": 1.05,
        "shipping_tax": 0
      },
      "return_quantity": 1
    }
  ],
  "return_status": "created",
  "shipping_carrier": "UPS",
  "tracking_number": "1Z23W4561233459284"
}

48be52cf67a047688ae710b7f284de4a-----------------------------2017-12-23 12:18:59.4034---------------------------
/Service/InternalService.ashx?t=QueryReturnOrderDetail&jetDefinedOrderId=50e1e7fc2bba4c219c847eb91ce1d815&_=1514002739359

0cccd12b8213499d83b8133079962ea9-----------------------------2017-12-23 12:18:59.4034---------------------------
请求地址:https://merchant-api.jet.com/api/returns/state/50e1e7fc2bba4c219c847eb91ce1d815

07d6c7c968ad401082961570dd7ab0b8-----------------------------2017-12-23 12:19:00.5733---------------------------
请求服务获得返回:{
  "agree_to_return_charge": false,
  "alt_order_id": "087882510526",
  "items": [],
  "merchant_order_id": "9ecbac5af5244424a2727c325725533e",
  "merchant_return_authorization_id": "50e1e7fc2bba4c219c847eb91ce1d815",
  "merchant_return_charge": 4.15,
  "reference_order_id": "146066449050",
  "reference_return_authorization_id": "IBHM05Q8N6766OUHAK0GCUNH5B",
  "refund_without_return": false,
  "return_completion_date": "2017-12-22T06:00:07.3198015+00:00",
  "return_date": "2017-12-22T05:59:07",
  "return_location": [],
  "return_merchant_SKUs": [
    {
      "merchant_sku": "1233",
      "order_item_id": "b1fc987e25e74fc09e1b61f14942bcd8",
      "reason": "Unwanted gift",
      "requested_refund_amount": {
        "principal": 123,
        "tax": 0,
        "shipping_cost": 3.69,
        "shipping_tax": 0
      },
      "return_quantity": 1
    },
    {
      "merchant_sku": "1234",
      "order_item_id": "90ffed68442b431eb1bd25a21dceb4f8",
      "reason": "Unauthorized purchase",
      "requested_refund_amount": {
        "principal": 21,
        "tax": 0,
        "shipping_cost": 1.05,
        "shipping_tax": 0
      },
      "return_quantity": 1
    }
  ],
  "return_status": "created",
  "shipping_carrier": "UPS",
  "tracking_number": "1Z23W4561233459284"
}

e0ae9844970f45f389bfe65c2d00b42e-----------------------------2017-12-23 12:19:26.7685---------------------------
/Service/InternalService.ashx?t=QueryReturnOrderDetail&jetDefinedOrderId=50e1e7fc2bba4c219c847eb91ce1d815&_=1514002766724

9a160d92d73f46b6a6e8182bf173d5ac-----------------------------2017-12-23 12:19:26.7685---------------------------
请求地址:https://merchant-api.jet.com/api/returns/state/50e1e7fc2bba4c219c847eb91ce1d815

e14f0a0fcae041df9094b3875e7636a6-----------------------------2017-12-23 12:19:27.2488---------------------------
请求服务获得返回:{
  "agree_to_return_charge": false,
  "alt_order_id": "087882510526",
  "items": [],
  "merchant_order_id": "9ecbac5af5244424a2727c325725533e",
  "merchant_return_authorization_id": "50e1e7fc2bba4c219c847eb91ce1d815",
  "merchant_return_charge": 4.15,
  "reference_order_id": "146066449050",
  "reference_return_authorization_id": "IBHM05Q8N6766OUHAK0GCUNH5B",
  "refund_without_return": false,
  "return_completion_date": "2017-12-22T06:00:07.3198015+00:00",
  "return_date": "2017-12-22T05:59:07",
  "return_location": [],
  "return_merchant_SKUs": [
    {
      "merchant_sku": "1233",
      "order_item_id": "b1fc987e25e74fc09e1b61f14942bcd8",
      "reason": "Unwanted gift",
      "requested_refund_amount": {
        "principal": 123,
        "tax": 0,
        "shipping_cost": 3.69,
        "shipping_tax": 0
      },
      "return_quantity": 1
    },
    {
      "merchant_sku": "1234",
      "order_item_id": "90ffed68442b431eb1bd25a21dceb4f8",
      "reason": "Unauthorized purchase",
      "requested_refund_amount": {
        "principal": 21,
        "tax": 0,
        "shipping_cost": 1.05,
        "shipping_tax": 0
      },
      "return_quantity": 1
    }
  ],
  "return_status": "created",
  "shipping_carrier": "UPS",
  "tracking_number": "1Z23W4561233459284"
}

f6095d26c9ce46d2822cce2b7c71c617-----------------------------2017-12-23 12:20:53.8632---------------------------
/Service/InternalService.ashx?t=QueryReturnOrderDetail&jetDefinedOrderId=50e1e7fc2bba4c219c847eb91ce1d815&_=1514002853820

c6bea6cd4e914ddfb518cc4ab8c326ed-----------------------------2017-12-23 12:20:53.8632---------------------------
请求地址:https://merchant-api.jet.com/api/returns/state/50e1e7fc2bba4c219c847eb91ce1d815

7b964e6694e8459b879fd488ebc5b5ee-----------------------------2017-12-23 12:20:54.1784---------------------------
请求服务获得返回:{
  "agree_to_return_charge": false,
  "alt_order_id": "087882510526",
  "items": [],
  "merchant_order_id": "9ecbac5af5244424a2727c325725533e",
  "merchant_return_authorization_id": "50e1e7fc2bba4c219c847eb91ce1d815",
  "merchant_return_charge": 4.15,
  "reference_order_id": "146066449050",
  "reference_return_authorization_id": "IBHM05Q8N6766OUHAK0GCUNH5B",
  "refund_without_return": false,
  "return_completion_date": "2017-12-22T06:00:07.3198015+00:00",
  "return_date": "2017-12-22T05:59:07",
  "return_location": [],
  "return_merchant_SKUs": [
    {
      "merchant_sku": "1233",
      "order_item_id": "b1fc987e25e74fc09e1b61f14942bcd8",
      "reason": "Unwanted gift",
      "requested_refund_amount": {
        "principal": 123,
        "tax": 0,
        "shipping_cost": 3.69,
        "shipping_tax": 0
      },
      "return_quantity": 1
    },
    {
      "merchant_sku": "1234",
      "order_item_id": "90ffed68442b431eb1bd25a21dceb4f8",
      "reason": "Unauthorized purchase",
      "requested_refund_amount": {
        "principal": 21,
        "tax": 0,
        "shipping_cost": 1.05,
        "shipping_tax": 0
      },
      "return_quantity": 1
    }
  ],
  "return_status": "created",
  "shipping_carrier": "UPS",
  "tracking_number": "1Z23W4561233459284"
}

54d53d8c32944b61988072509141a1e8-----------------------------2017-12-23 12:21:18.2581---------------------------
/Service/InternalService.ashx?t=QueryReturnOrderDetail&jetDefinedOrderId=50e1e7fc2bba4c219c847eb91ce1d815&_=1514002878218

0b2f4dd0bada43a29929e093e60630a7-----------------------------2017-12-23 12:21:18.2581---------------------------
请求地址:https://merchant-api.jet.com/api/returns/state/50e1e7fc2bba4c219c847eb91ce1d815

f19f06025cf642b3a2bfd04e56c88a00-----------------------------2017-12-23 12:21:18.7064---------------------------
请求服务获得返回:{
  "agree_to_return_charge": false,
  "alt_order_id": "087882510526",
  "items": [],
  "merchant_order_id": "9ecbac5af5244424a2727c325725533e",
  "merchant_return_authorization_id": "50e1e7fc2bba4c219c847eb91ce1d815",
  "merchant_return_charge": 4.15,
  "reference_order_id": "146066449050",
  "reference_return_authorization_id": "IBHM05Q8N6766OUHAK0GCUNH5B",
  "refund_without_return": false,
  "return_completion_date": "2017-12-22T06:00:07.3198015+00:00",
  "return_date": "2017-12-22T05:59:07",
  "return_location": [],
  "return_merchant_SKUs": [
    {
      "merchant_sku": "1233",
      "order_item_id": "b1fc987e25e74fc09e1b61f14942bcd8",
      "reason": "Unwanted gift",
      "requested_refund_amount": {
        "principal": 123,
        "tax": 0,
        "shipping_cost": 3.69,
        "shipping_tax": 0
      },
      "return_quantity": 1
    },
    {
      "merchant_sku": "1234",
      "order_item_id": "90ffed68442b431eb1bd25a21dceb4f8",
      "reason": "Unauthorized purchase",
      "requested_refund_amount": {
        "principal": 21,
        "tax": 0,
        "shipping_cost": 1.05,
        "shipping_tax": 0
      },
      "return_quantity": 1
    }
  ],
  "return_status": "created",
  "shipping_carrier": "UPS",
  "tracking_number": "1Z23W4561233459284"
}

ec61f3b10e394783bc35934ed2ea8a23-----------------------------2017-12-23 12:21:29.3409---------------------------
/Service/InternalService.ashx?t=QueryReturnOrderDetail&jetDefinedOrderId=50e1e7fc2bba4c219c847eb91ce1d815&_=1514002889303

ae9d75080d0541cf891a8f4ab6e0a3e0-----------------------------2017-12-23 12:21:29.3409---------------------------
请求地址:https://merchant-api.jet.com/api/returns/state/50e1e7fc2bba4c219c847eb91ce1d815

6aa1b7deaa514fb48cc299aed2abc346-----------------------------2017-12-23 12:21:30.1164---------------------------
请求服务获得返回:{
  "agree_to_return_charge": false,
  "alt_order_id": "087882510526",
  "items": [],
  "merchant_order_id": "9ecbac5af5244424a2727c325725533e",
  "merchant_return_authorization_id": "50e1e7fc2bba4c219c847eb91ce1d815",
  "merchant_return_charge": 4.15,
  "reference_order_id": "146066449050",
  "reference_return_authorization_id": "IBHM05Q8N6766OUHAK0GCUNH5B",
  "refund_without_return": false,
  "return_completion_date": "2017-12-22T06:00:07.3198015+00:00",
  "return_date": "2017-12-22T05:59:07",
  "return_location": [],
  "return_merchant_SKUs": [
    {
      "merchant_sku": "1233",
      "order_item_id": "b1fc987e25e74fc09e1b61f14942bcd8",
      "reason": "Unwanted gift",
      "requested_refund_amount": {
        "principal": 123,
        "tax": 0,
        "shipping_cost": 3.69,
        "shipping_tax": 0
      },
      "return_quantity": 1
    },
    {
      "merchant_sku": "1234",
      "order_item_id": "90ffed68442b431eb1bd25a21dceb4f8",
      "reason": "Unauthorized purchase",
      "requested_refund_amount": {
        "principal": 21,
        "tax": 0,
        "shipping_cost": 1.05,
        "shipping_tax": 0
      },
      "return_quantity": 1
    }
  ],
  "return_status": "created",
  "shipping_carrier": "UPS",
  "tracking_number": "1Z23W4561233459284"
}

13a1cd2bce214cdc8aff38416e940e85-----------------------------2017-12-23 12:22:10.7862---------------------------
/Service/InternalService.ashx?t=QueryReturnOrderDetail&jetDefinedOrderId=50e1e7fc2bba4c219c847eb91ce1d815&_=1514002930743

5fb84a2376df4e559e0fe5ffe8683815-----------------------------2017-12-23 12:22:10.7862---------------------------
请求地址:https://merchant-api.jet.com/api/returns/state/50e1e7fc2bba4c219c847eb91ce1d815

3b7360dec8d044bca3ac2a500827a5a7-----------------------------2017-12-23 12:22:11.0484---------------------------
请求服务获得返回:{
  "agree_to_return_charge": false,
  "alt_order_id": "087882510526",
  "items": [],
  "merchant_order_id": "9ecbac5af5244424a2727c325725533e",
  "merchant_return_authorization_id": "50e1e7fc2bba4c219c847eb91ce1d815",
  "merchant_return_charge": 4.15,
  "reference_order_id": "146066449050",
  "reference_return_authorization_id": "IBHM05Q8N6766OUHAK0GCUNH5B",
  "refund_without_return": false,
  "return_completion_date": "2017-12-22T06:00:07.3198015+00:00",
  "return_date": "2017-12-22T05:59:07",
  "return_location": [],
  "return_merchant_SKUs": [
    {
      "merchant_sku": "1233",
      "order_item_id": "b1fc987e25e74fc09e1b61f14942bcd8",
      "reason": "Unwanted gift",
      "requested_refund_amount": {
        "principal": 123,
        "tax": 0,
        "shipping_cost": 3.69,
        "shipping_tax": 0
      },
      "return_quantity": 1
    },
    {
      "merchant_sku": "1234",
      "order_item_id": "90ffed68442b431eb1bd25a21dceb4f8",
      "reason": "Unauthorized purchase",
      "requested_refund_amount": {
        "principal": 21,
        "tax": 0,
        "shipping_cost": 1.05,
        "shipping_tax": 0
      },
      "return_quantity": 1
    }
  ],
  "return_status": "created",
  "shipping_carrier": "UPS",
  "tracking_number": "1Z23W4561233459284"
}

104b7f53273c4ee0a32a38211fe011c7-----------------------------2017-12-23 12:24:14.8219---------------------------
/Service/InternalService.ashx?t=QueryReturnOrderDetail&jetDefinedOrderId=50e1e7fc2bba4c219c847eb91ce1d815&_=1514003054773

59b9f03c67ee46fe9b1d4abe89894988-----------------------------2017-12-23 12:24:14.8219---------------------------
请求地址:https://merchant-api.jet.com/api/returns/state/50e1e7fc2bba4c219c847eb91ce1d815

c44656fd7c104c03a89dc8db580720e3-----------------------------2017-12-23 12:24:16.0037---------------------------
请求服务获得返回:{
  "agree_to_return_charge": false,
  "alt_order_id": "087882510526",
  "items": [],
  "merchant_order_id": "9ecbac5af5244424a2727c325725533e",
  "merchant_return_authorization_id": "50e1e7fc2bba4c219c847eb91ce1d815",
  "merchant_return_charge": 4.15,
  "reference_order_id": "146066449050",
  "reference_return_authorization_id": "IBHM05Q8N6766OUHAK0GCUNH5B",
  "refund_without_return": false,
  "return_completion_date": "2017-12-22T06:00:07.3198015+00:00",
  "return_date": "2017-12-22T05:59:07",
  "return_location": [],
  "return_merchant_SKUs": [
    {
      "merchant_sku": "1233",
      "order_item_id": "b1fc987e25e74fc09e1b61f14942bcd8",
      "reason": "Unwanted gift",
      "requested_refund_amount": {
        "principal": 123,
        "tax": 0,
        "shipping_cost": 3.69,
        "shipping_tax": 0
      },
      "return_quantity": 1
    },
    {
      "merchant_sku": "1234",
      "order_item_id": "90ffed68442b431eb1bd25a21dceb4f8",
      "reason": "Unauthorized purchase",
      "requested_refund_amount": {
        "principal": 21,
        "tax": 0,
        "shipping_cost": 1.05,
        "shipping_tax": 0
      },
      "return_quantity": 1
    }
  ],
  "return_status": "created",
  "shipping_carrier": "UPS",
  "tracking_number": "1Z23W4561233459284"
}
