
742b8c9e0d32435695d14bbc94b26b24-----------------------------2017-12-21 21:01:52.2615---------------------------
/Service/InternalService.ashx?t=QueryOrder&status=acknowledged&isCancel=0&nodeId=80a760157ee64efcabda2dd6c0a4f71a&_=1513861296006

d0e392ce772244958e0f640eabcf0aac-----------------------------2017-12-21 21:01:52.4525---------------------------
请求地址:https://merchant-api.jet.com/api/orders/acknowledged?isCancelled=False&fulfillment_node=80a760157ee64efcabda2dd6c0a4f71a

050b1e38957d4fc99461dfb96788dd56-----------------------------2017-12-21 21:01:52.9686---------------------------
/Service/InternalService.ashx?t=QueryOrder&status=acknowledged&isCancel=0&nodeId=80a760157ee64efcabda2dd6c0a4f71a&_=1513861296007

12ed3bcc6f4443008e4c9c31b9e27d3d-----------------------------2017-12-21 21:01:52.9686---------------------------
请求地址:https://merchant-api.jet.com/api/orders/acknowledged?isCancelled=False&fulfillment_node=80a760157ee64efcabda2dd6c0a4f71a

611ceb689aac46de89e4d75634d051d6-----------------------------2017-12-21 21:01:56.7058---------------------------
请求地址:https://merchant-api.jet.com/api/token,发送报文:{ "user":"9BD7AA25D356387250E97564D2B91B4A29E7B677","pass":"G/93glgnE+S2tRhvyE9/RavsBZMR385jqRl+o+172T3T" }

83d18079232d4a518665ff66f5121d91-----------------------------2017-12-21 21:01:57.3908---------------------------
请求地址:https://merchant-api.jet.com/api/token,发送报文:{ "user":"9BD7AA25D356387250E97564D2B91B4A29E7B677","pass":"G/93glgnE+S2tRhvyE9/RavsBZMR385jqRl+o+172T3T" }

bbb3a9f1b251424baaa0c4f61408a439-----------------------------2017-12-21 21:01:58.3629---------------------------
请求服务获得返回:{
  "id_token": "eyJ0eXAiOiJKV1QiLCJhbGciOiJSUzI1NiIsIng1dCI6IldscUZYb2E1WkxSQ0hldmxwa1BHOVdHS0JrMCJ9.eyJpc19zYW5kYm94X3VpZCI6InRydWUiLCJtZXJjaGFudF9pZCI6ImM0OTA4MjFhM2VlZDRjNzRiMTUzNTVhYTUwM2Q4ZGQ3IiwicGFydG5lcl90eXBlIjoiTWVyY2hhbnQiLCJzY29wZSI6Imlyb25tYW4tYXBpIiwiaXNzIjoiamV0LmNvbSIsImV4cCI6MTUxMzg5NzMxNywibmJmIjoxNTEzODYxMzE3fQ.XuyjR8keNv3zrhZCpEDSlCvNeptEB5CZgkQaGWfpiFpOlyHgfOxRvJY7ndaKOzf052rtJthOlHFSIgD3ZXt6TAPyqeaxquiqg6Pdpv5_zpAF5StH2QaSkSC7g5-kTw-RwMLHwl3TL3NXaAtuf7L30esXKbVANupaMhAQEqzf1X_AGIH4d225RfuEwQ_jTjG7IohCWgqUzwdI4oPwHlDXgvd6J-R-qN0-vq0IPDbPeDzaVZziYiRlrRBOmeeMLl8AfmhEClL32cVZwvdvYPEC8xgrLhHsfalFYJqIYFdxd5_cvm9kXbBo6Tmm1IqYcdYnntwWBP-mcjkY6WzTMl39s30o_WiZTyTkqr4kPVCzy4PZyTSLGCoInij5sDzxyQ1MYXyh6KZKyLRpDsqY8_GYlAZ-VrJfJhisVT3YmNnBjINO9-7A4ztwRs5TBubW-iu7rQ8z_ErhIdN3_dVqKVOpqggOMprCJqIq41qoubDkzF2bBnv7bfMllUhU9xHqRNsbi_OhYbF_Wj8VpD9YgtIBxqVp9YzG2XSSz7W37jMhoIpdK5P8C2oUoA7By9f35zaKFHwHxfV5-JxytoJwSq3MpdROWIeJwqC0g47_SA-vr9bi2RmO4PheE8TyDBlz9fhv5wDMPt4X_e8ssaa9Trk61gPQ7R3gPqnUM4uMWltwJ2w",
  "token_type": "Bearer",
  "expires_on": "2017-12-21T23:01:57Z"
}

1d3a018fcd224dacaebb87d3bf01bfc6-----------------------------2017-12-21 21:01:59.6900---------------------------
请求服务获得返回:{
  "id_token": "eyJ0eXAiOiJKV1QiLCJhbGciOiJSUzI1NiIsIng1dCI6IldscUZYb2E1WkxSQ0hldmxwa1BHOVdHS0JrMCJ9.eyJpc19zYW5kYm94X3VpZCI6InRydWUiLCJtZXJjaGFudF9pZCI6ImM0OTA4MjFhM2VlZDRjNzRiMTUzNTVhYTUwM2Q4ZGQ3IiwicGFydG5lcl90eXBlIjoiTWVyY2hhbnQiLCJzY29wZSI6Imlyb25tYW4tYXBpIiwiaXNzIjoiamV0LmNvbSIsImV4cCI6MTUxMzg5NzMxOSwibmJmIjoxNTEzODYxMzE5fQ.0vDp3Er77eGD2WpnuOm8yMmhWHf2FF4XFaOUy5ntpoWW6HGFt3Gt65gCpjgcm58Z4v9NlY0029Bz1aiM-1GThJTvQDAvDqD7DB_IJo2i7WiEpWYZN0is5srY2im6eBy8iE55aRbAnZlQTaTJDUc3dwQ2wAZadsQrB0FCbm__JsFdxGQiWLL32_GQ3vPHONKE6-b6PHtptNYPHliNoP6qBmeA29X36OxH1fT7O6hZwM6YmLEF9Gwuy8GtZBmBqfMoQlo6QNs-qbzlm0vcnh4aC86fIfTvHrW-b_v6DLL9R83DbYdFj6be5aB1tV_UEEet3lcVB3KQUfxDE6ejdMXoydj8iPTDKb17wmAxGGCl6bKrmg8clpsA9KBxV-mEt4jWV5YYYAjkcU8fiewYBU4bdishGi0Z9lYSFyFrYNrMU9YqEzB4RjfYyiYdP3yF9zH4WUJWozcenkqMtRpcTMGN5O7tV1lbIGDp_5i0w-_kwt97qONiVz8RQwTbtXlaNj1gJH65jqXUzDJkMlh9HSZVLfyEXz_u3NhwAjZo7DuHEHl5hY4vyLwdL6jy48gJ6t1NZUkVPaCu3qQlvKKbdZxZoDKo46SHpZKMdwqVHm8RBxltIRiLYAueQAu9ftBcikH5dEXxxROMkiMEnbCZS01KQNU91z-Ir9zAMdbTGMxE3fg",
  "token_type": "Bearer",
  "expires_on": "2017-12-21T23:01:59Z"
}

e33a9bc8d7c14f0e9b0da5a99d652a09-----------------------------2017-12-21 21:02:00.2860---------------------------
/Service/InternalService.ashx?t=QueryOrder&status=acknowledged&isCancel=0&nodeId=80a760157ee64efcabda2dd6c0a4f71a&_=1513861296008

37dbb4f866b64902825b83e57ddfc69b-----------------------------2017-12-21 21:02:00.2860---------------------------
请求地址:https://merchant-api.jet.com/api/orders/acknowledged?isCancelled=False&fulfillment_node=80a760157ee64efcabda2dd6c0a4f71a

773b46da024745cdb7bc7cbba1c2a0a4-----------------------------2017-12-21 21:02:01.1660---------------------------
请求服务获得返回:{
  "order_urls": [
    "/orders/withoutShipmentDetail/4f2fc03aa4c545da93862efb727a6071"
  ]
}

7e37f8608cb346fe8568975d3b6a4d4d-----------------------------2017-12-21 21:02:02.6601---------------------------
/Service/InternalService.ashx?t=QueryOrder&status=acknowledged&isCancel=0&nodeId=80a760157ee64efcabda2dd6c0a4f71a&_=1513861296009

d06769223dfc48a980a5de0f42bfa388-----------------------------2017-12-21 21:02:02.6601---------------------------
请求地址:https://merchant-api.jet.com/api/orders/acknowledged?isCancelled=False&fulfillment_node=80a760157ee64efcabda2dd6c0a4f71a

f542eb7f26c6476aa826d05c808d232d-----------------------------2017-12-21 21:02:03.6232---------------------------
请求服务获得返回:{
  "order_urls": [
    "/orders/withoutShipmentDetail/4f2fc03aa4c545da93862efb727a6071"
  ]
}

cf8354ad7d314bbfb4dfa961042134fb-----------------------------2017-12-21 21:02:05.8503---------------------------
/Service/InternalService.ashx?t=QueryOrderDetail&jetDefinedOrderId=4f2fc03aa4c545da93862efb727a6071&_=1513861325740

e9969e22314e4de89dbc869761f284a5-----------------------------2017-12-21 21:02:05.8503---------------------------
请求地址:https://merchant-api.jet.com/api/orders/withoutShipmentDetail/4f2fc03aa4c545da93862efb727a6071

c6895435564240ae9486a72520bc11d4-----------------------------2017-12-21 21:02:06.6544---------------------------
请求服务获得返回:{
  "acknowledgement_status": "accepted",
  "alt_order_id": "873699361761",
  "buyer": {
    "name": "Homer Simpson",
    "phone_number": "212-212-8880"
  },
  "customer_reference_order_id": "371871199512",
  "fulfillment_node": "80a760157ee64efcabda2dd6c0a4f71a",
  "has_shipments": false,
  "hash_email": "591600580804@customer.jet.com",
  "jet_request_directed_cancel": false,
  "merchant_order_id": "4f2fc03aa4c545da93862efb727a6071",
  "order_acknowledge_date": "2017-12-21T05:24:24Z",
  "order_detail": {
    "request_shipping_method": "FedEx Ground",
    "request_shipping_carrier": "FedEx",
    "request_service_level": "SecondDay",
    "request_ship_by": "2017-12-20T08:36:53.7567923Z",
    "request_delivery_by": "2017-12-21T08:36:53.7567923Z"
  },
  "order_items": [
    {
      "order_item_id": "1ed8a5e1619f492987f18c521e827127",
      "merchant_sku": "1233",
      "request_order_quantity": 1,
      "request_order_cancel_qty": 0,
      "item_tax_code": "",
      "item_price": {
        "item_tax": null,
        "item_shipping_cost": 2.46,
        "item_shipping_tax": null,
        "base_price": 123
      },
      "product_title": "My Product1",
      "url": "http://www.jet.com/api/merchant_skus/1233",
      "order_item_acknowledgement_status": "fulfillable"
    }
  ],
  "order_placed_date": "2017-12-19T08:35:53.7567923Z",
  "order_totals": {
    "item_price": {
      "item_tax": null,
      "item_shipping_cost": 2.46,
      "item_shipping_tax": null,
      "base_price": 123
    }
  },
  "order_transmission_date": "2017-12-19T08:36:53.7567923Z",
  "reference_order_id": "247457272351",
  "shipping_to": {
    "recipient": {
      "name": "Marge Simpson",
      "phone_number": "212-212-9823"
    },
    "address": {
      "address1": "40 Oak street",
      "address2": "",
      "city": "Altitude",
      "state": "MS",
      "zip_code": "38829"
    }
  },
  "status": "acknowledged"
}

d5c938a8c84e4d12a2a8748194892ec0-----------------------------2017-12-21 21:03:48.7552---------------------------
/Service/InternalService.ashx?t=ShipOrder&jetDefinedOrderId=4f2fc03aa4c545da93862efb727a6071

61e8daf965ca4c3785eef6a363126cda-----------------------------2017-12-21 21:03:48.7552---------------------------
请求地址:https://merchant-api.jet.com/api/orders/4f2fc03aa4c545da93862efb727a6071/shipped,发送报文:

65b8d8ceb2e04a0e93b9b148be39b010-----------------------------2017-12-21 21:04:41.0812---------------------------
/Service/InternalService.ashx?t=ShipOrder&jetDefinedOrderId=4f2fc03aa4c545da93862efb727a6071

4942c2bbbeb74a83bc00b8ad430d6113-----------------------------2017-12-21 21:04:41.0822---------------------------
请求地址:https://merchant-api.jet.com/api/orders/4f2fc03aa4c545da93862efb727a6071/shipped,发送报文:

44677ae1d7a040bd91b0ac41624bd405-----------------------------2017-12-21 21:04:51.3288---------------------------
/Service/InternalService.ashx?t=ShipOrder&jetDefinedOrderId=4f2fc03aa4c545da93862efb727a6071

1e1f49ef48494f5b84b1c6cf89e6cabb-----------------------------2017-12-21 21:04:51.3288---------------------------
请求地址:https://merchant-api.jet.com/api/orders/4f2fc03aa4c545da93862efb727a6071/shipped,发送报文:

30ba14c855a44d5fb68845a7c5073868-----------------------------2017-12-21 21:05:06.6867---------------------------
/Service/InternalService.ashx?t=ShipOrder&jetDefinedOrderId=4f2fc03aa4c545da93862efb727a6071

5fd38587493944c8892c1cbc8c0195fc-----------------------------2017-12-21 21:05:06.6867---------------------------
请求地址:https://merchant-api.jet.com/api/orders/4f2fc03aa4c545da93862efb727a6071/shipped,发送报文:

6cd007d20c1e4349a0d3a02c603853f2-----------------------------2017-12-21 21:05:18.7703---------------------------
/Service/InternalService.ashx?t=ShipOrder&jetDefinedOrderId=4f2fc03aa4c545da93862efb727a6071

f78f440328a8442b8e9a537841d948fb-----------------------------2017-12-21 21:05:30.0930---------------------------
请求地址:https://merchant-api.jet.com/api/orders/4f2fc03aa4c545da93862efb727a6071/shipped,发送报文:

cfec317d803540b39a9b1d6f03afb023-----------------------------2017-12-21 21:05:44.0908---------------------------
/Service/InternalService.ashx?t=ShipOrder&jetDefinedOrderId=4f2fc03aa4c545da93862efb727a6071

4be4d895b65b4f478c1de566744b59e7-----------------------------2017-12-21 21:06:49.9106---------------------------
请求地址:https://merchant-api.jet.com/api/orders/4f2fc03aa4c545da93862efb727a6071/shipped,发送报文:

cc39dad5478b4b75abd4057cb9fd41b0-----------------------------2017-12-21 21:06:51.0186---------------------------
/Service/InternalService.ashx?t=ShipOrder&jetDefinedOrderId=4f2fc03aa4c545da93862efb727a6071

3c376b65df1a4a61814e89f6079ad685-----------------------------2017-12-21 21:06:55.6779---------------------------
请求地址:https://merchant-api.jet.com/api/orders/4f2fc03aa4c545da93862efb727a6071/shipped,发送报文:{"alt_order_id":"","shipments":[{"alt_shipment_id":"11223344","shipment_tracking_number":"shipment_tracking_number","1Z12342452342":"2017-12-21 21:06:17","response_shipment_method":"ups_ground","expected_delivery_date":"2017-12-21 21:06:19","ship_from_zip_code":"12061","carrier":"UPS","carrier_pick_up_date":"2017-12-21 21:06:22","redirect_notification":"","shipment_items":[{"merchant_sku":"1233","response_shipment_sku_quantity":1,"response_shipment_cancel_qty":0}]}]}

3f51c8a2175d4bb8ae00418b363fb9f8-----------------------------2017-12-21 21:09:46.4877---------------------------
/Service/InternalService.ashx?t=ShipOrder&jetDefinedOrderId=4f2fc03aa4c545da93862efb727a6071

63719bf239ca4973811685c6b5f43ba0-----------------------------2017-12-21 21:09:46.6497---------------------------
请求地址:https://merchant-api.jet.com/api/orders/4f2fc03aa4c545da93862efb727a6071/shipped,发送报文:{"alt_order_id":"","shipments":[{"alt_shipment_id":"11223344","shipment_tracking_number":"shipment_tracking_number","1Z12342452342":"2017-12-21 21:06:17","response_shipment_method":"ups_ground","expected_delivery_date":"2017-12-21 21:06:19","ship_from_zip_code":"12061","carrier":"UPS","carrier_pick_up_date":"2017-12-21 21:06:22","redirect_notification":"","shipment_items":[{"merchant_sku":"1233","response_shipment_sku_quantity":1,"response_shipment_cancel_qty":0}]}]}

92d34582411c4fdf8152e610d2bff4ef-----------------------------2017-12-21 21:09:54.4211---------------------------
/Service/InternalService.ashx?t=ShipOrder&jetDefinedOrderId=4f2fc03aa4c545da93862efb727a6071

7c771cfd888e43c8a044de5b54f63bea-----------------------------2017-12-21 21:09:54.4211---------------------------
请求地址:https://merchant-api.jet.com/api/orders/4f2fc03aa4c545da93862efb727a6071/shipped,发送报文:{"alt_order_id":"","shipments":[{"alt_shipment_id":"11223344","shipment_tracking_number":"shipment_tracking_number","1Z12342452342":"2017-12-21 21:06:17","response_shipment_method":"ups_ground","expected_delivery_date":"2017-12-21 21:06:19","ship_from_zip_code":"12061","carrier":"UPS","carrier_pick_up_date":"2017-12-21 21:06:22","redirect_notification":"","shipment_items":[{"merchant_sku":"1233","response_shipment_sku_quantity":1,"response_shipment_cancel_qty":0}]}]}

cfb1f28e1f5946c98cf8edd11719c235-----------------------------2017-12-21 21:10:03.6686---------------------------
/Service/InternalService.ashx?t=ShipOrder&jetDefinedOrderId=4f2fc03aa4c545da93862efb727a6071

e36fdea9e12d4853b315661e59815536-----------------------------2017-12-21 21:10:38.9587---------------------------
请求地址:https://merchant-api.jet.com/api/orders/4f2fc03aa4c545da93862efb727a6071/shipped,发送报文:{"alt_order_id":"","shipments":[{"alt_shipment_id":"11223344","shipment_tracking_number":"shipment_tracking_number","1Z12342452342":"2017-12-21 21:06:17","response_shipment_method":"ups_ground","expected_delivery_date":"2017-12-21 21:06:19","ship_from_zip_code":"12061","carrier":"UPS","carrier_pick_up_date":"2017-12-21 21:06:22","redirect_notification":"","shipment_items":[{"merchant_sku":"1233","response_shipment_sku_quantity":1,"response_shipment_cancel_qty":0}]}]}

cba1027bb6694c208c32b15b27c981d4-----------------------------2017-12-21 21:11:31.4137---------------------------
/Service/InternalService.ashx?t=QueryOrderDetail&jetDefinedOrderId=4f2fc03aa4c545da93862efb727a6071&_=1513861891303

2834ebe373bc4b2c994058ea56ea1005-----------------------------2017-12-21 21:11:31.4137---------------------------
请求地址:https://merchant-api.jet.com/api/orders/withoutShipmentDetail/4f2fc03aa4c545da93862efb727a6071

54a872eb96f942f28f525519aa9f0791-----------------------------2017-12-21 21:11:33.4758---------------------------
请求服务获得返回:{
  "acknowledgement_status": "accepted",
  "alt_order_id": "873699361761",
  "buyer": {
    "name": "Homer Simpson",
    "phone_number": "212-212-8880"
  },
  "customer_reference_order_id": "371871199512",
  "fulfillment_node": "80a760157ee64efcabda2dd6c0a4f71a",
  "has_shipments": false,
  "hash_email": "591600580804@customer.jet.com",
  "jet_request_directed_cancel": false,
  "merchant_order_id": "4f2fc03aa4c545da93862efb727a6071",
  "order_acknowledge_date": "2017-12-21T05:24:24Z",
  "order_detail": {
    "request_shipping_method": "FedEx Ground",
    "request_shipping_carrier": "FedEx",
    "request_service_level": "SecondDay",
    "request_ship_by": "2017-12-20T08:36:53.7567923Z",
    "request_delivery_by": "2017-12-21T08:36:53.7567923Z"
  },
  "order_items": [
    {
      "order_item_id": "1ed8a5e1619f492987f18c521e827127",
      "merchant_sku": "1233",
      "request_order_quantity": 1,
      "request_order_cancel_qty": 0,
      "item_tax_code": "",
      "item_price": {
        "item_tax": null,
        "item_shipping_cost": 2.46,
        "item_shipping_tax": null,
        "base_price": 123
      },
      "product_title": "My Product1",
      "url": "http://www.jet.com/api/merchant_skus/1233",
      "order_item_acknowledgement_status": "fulfillable"
    }
  ],
  "order_placed_date": "2017-12-19T08:35:53.7567923Z",
  "order_totals": {
    "item_price": {
      "item_tax": null,
      "item_shipping_cost": 2.46,
      "item_shipping_tax": null,
      "base_price": 123
    }
  },
  "order_transmission_date": "2017-12-19T08:36:53.7567923Z",
  "reference_order_id": "247457272351",
  "shipping_to": {
    "recipient": {
      "name": "Marge Simpson",
      "phone_number": "212-212-9823"
    },
    "address": {
      "address1": "40 Oak street",
      "address2": "",
      "city": "Altitude",
      "state": "MS",
      "zip_code": "38829"
    }
  },
  "status": "acknowledged"
}

eaa3b2c1690e490d88fd395e688c531a-----------------------------2017-12-21 21:14:12.3289---------------------------
/Service/InternalService.ashx?t=QueryOrderDetail&jetDefinedOrderId=4f2fc03aa4c545da93862efb727a6071&_=1513862052288

f3015d8ddd4b40338361111401586c23-----------------------------2017-12-21 21:14:12.3289---------------------------
请求地址:https://merchant-api.jet.com/api/orders/withoutShipmentDetail/4f2fc03aa4c545da93862efb727a6071

ec2125173cbb4e53924f1c99bd199c1b-----------------------------2017-12-21 21:14:15.1540---------------------------
请求服务获得返回:{
  "acknowledgement_status": "accepted",
  "alt_order_id": "873699361761",
  "buyer": {
    "name": "Homer Simpson",
    "phone_number": "212-212-8880"
  },
  "customer_reference_order_id": "371871199512",
  "fulfillment_node": "80a760157ee64efcabda2dd6c0a4f71a",
  "has_shipments": false,
  "hash_email": "591600580804@customer.jet.com",
  "jet_request_directed_cancel": false,
  "merchant_order_id": "4f2fc03aa4c545da93862efb727a6071",
  "order_acknowledge_date": "2017-12-21T05:24:24Z",
  "order_detail": {
    "request_shipping_method": "FedEx Ground",
    "request_shipping_carrier": "FedEx",
    "request_service_level": "SecondDay",
    "request_ship_by": "2017-12-20T08:36:53.7567923Z",
    "request_delivery_by": "2017-12-21T08:36:53.7567923Z"
  },
  "order_items": [
    {
      "order_item_id": "1ed8a5e1619f492987f18c521e827127",
      "merchant_sku": "1233",
      "request_order_quantity": 1,
      "request_order_cancel_qty": 0,
      "item_tax_code": "",
      "item_price": {
        "item_tax": null,
        "item_shipping_cost": 2.46,
        "item_shipping_tax": null,
        "base_price": 123
      },
      "product_title": "My Product1",
      "url": "http://www.jet.com/api/merchant_skus/1233",
      "order_item_acknowledgement_status": "fulfillable"
    }
  ],
  "order_placed_date": "2017-12-19T08:35:53.7567923Z",
  "order_totals": {
    "item_price": {
      "item_tax": null,
      "item_shipping_cost": 2.46,
      "item_shipping_tax": null,
      "base_price": 123
    }
  },
  "order_transmission_date": "2017-12-19T08:36:53.7567923Z",
  "reference_order_id": "247457272351",
  "shipping_to": {
    "recipient": {
      "name": "Marge Simpson",
      "phone_number": "212-212-9823"
    },
    "address": {
      "address1": "40 Oak street",
      "address2": "",
      "city": "Altitude",
      "state": "MS",
      "zip_code": "38829"
    }
  },
  "status": "acknowledged"
}

300d4ecbb1904affa2bab4f334dfa5d0-----------------------------2017-12-21 21:14:27.5127---------------------------
/Service/InternalService.ashx?t=QueryOrderDetail&jetDefinedOrderId=4f2fc03aa4c545da93862efb727a6071&_=1513862067453

eba2fd46069d4748b323b19c896411be-----------------------------2017-12-21 21:14:27.5127---------------------------
请求地址:https://merchant-api.jet.com/api/orders/withoutShipmentDetail/4f2fc03aa4c545da93862efb727a6071

4e34ec57e62d41618bf2b51ef831c97f-----------------------------2017-12-21 21:14:28.4438---------------------------
请求服务获得返回:{
  "acknowledgement_status": "accepted",
  "alt_order_id": "873699361761",
  "buyer": {
    "name": "Homer Simpson",
    "phone_number": "212-212-8880"
  },
  "customer_reference_order_id": "371871199512",
  "fulfillment_node": "80a760157ee64efcabda2dd6c0a4f71a",
  "has_shipments": false,
  "hash_email": "591600580804@customer.jet.com",
  "jet_request_directed_cancel": false,
  "merchant_order_id": "4f2fc03aa4c545da93862efb727a6071",
  "order_acknowledge_date": "2017-12-21T05:24:24Z",
  "order_detail": {
    "request_shipping_method": "FedEx Ground",
    "request_shipping_carrier": "FedEx",
    "request_service_level": "SecondDay",
    "request_ship_by": "2017-12-20T08:36:53.7567923Z",
    "request_delivery_by": "2017-12-21T08:36:53.7567923Z"
  },
  "order_items": [
    {
      "order_item_id": "1ed8a5e1619f492987f18c521e827127",
      "merchant_sku": "1233",
      "request_order_quantity": 1,
      "request_order_cancel_qty": 0,
      "item_tax_code": "",
      "item_price": {
        "item_tax": null,
        "item_shipping_cost": 2.46,
        "item_shipping_tax": null,
        "base_price": 123
      },
      "product_title": "My Product1",
      "url": "http://www.jet.com/api/merchant_skus/1233",
      "order_item_acknowledgement_status": "fulfillable"
    }
  ],
  "order_placed_date": "2017-12-19T08:35:53.7567923Z",
  "order_totals": {
    "item_price": {
      "item_tax": null,
      "item_shipping_cost": 2.46,
      "item_shipping_tax": null,
      "base_price": 123
    }
  },
  "order_transmission_date": "2017-12-19T08:36:53.7567923Z",
  "reference_order_id": "247457272351",
  "shipping_to": {
    "recipient": {
      "name": "Marge Simpson",
      "phone_number": "212-212-9823"
    },
    "address": {
      "address1": "40 Oak street",
      "address2": "",
      "city": "Altitude",
      "state": "MS",
      "zip_code": "38829"
    }
  },
  "status": "acknowledged"
}

099d9aac45ce4f57a2c1e127efdfaa12-----------------------------2017-12-21 21:14:58.1025---------------------------
/Service/InternalService.ashx?t=QueryOrderDetail&jetDefinedOrderId=4f2fc03aa4c545da93862efb727a6071&_=1513862098053

b578e1cb6cea46af8542214a95e85e7d-----------------------------2017-12-21 21:14:58.1025---------------------------
请求地址:https://merchant-api.jet.com/api/orders/withoutShipmentDetail/4f2fc03aa4c545da93862efb727a6071

2633caa5eb8a48c682dc36e1b8a97ea7-----------------------------2017-12-21 21:14:59.5126---------------------------
请求服务获得返回:{
  "acknowledgement_status": "accepted",
  "alt_order_id": "873699361761",
  "buyer": {
    "name": "Homer Simpson",
    "phone_number": "212-212-8880"
  },
  "customer_reference_order_id": "371871199512",
  "fulfillment_node": "80a760157ee64efcabda2dd6c0a4f71a",
  "has_shipments": false,
  "hash_email": "591600580804@customer.jet.com",
  "jet_request_directed_cancel": false,
  "merchant_order_id": "4f2fc03aa4c545da93862efb727a6071",
  "order_acknowledge_date": "2017-12-21T05:24:24Z",
  "order_detail": {
    "request_shipping_method": "FedEx Ground",
    "request_shipping_carrier": "FedEx",
    "request_service_level": "SecondDay",
    "request_ship_by": "2017-12-20T08:36:53.7567923Z",
    "request_delivery_by": "2017-12-21T08:36:53.7567923Z"
  },
  "order_items": [
    {
      "order_item_id": "1ed8a5e1619f492987f18c521e827127",
      "merchant_sku": "1233",
      "request_order_quantity": 1,
      "request_order_cancel_qty": 0,
      "item_tax_code": "",
      "item_price": {
        "item_tax": null,
        "item_shipping_cost": 2.46,
        "item_shipping_tax": null,
        "base_price": 123
      },
      "product_title": "My Product1",
      "url": "http://www.jet.com/api/merchant_skus/1233",
      "order_item_acknowledgement_status": "fulfillable"
    }
  ],
  "order_placed_date": "2017-12-19T08:35:53.7567923Z",
  "order_totals": {
    "item_price": {
      "item_tax": null,
      "item_shipping_cost": 2.46,
      "item_shipping_tax": null,
      "base_price": 123
    }
  },
  "order_transmission_date": "2017-12-19T08:36:53.7567923Z",
  "reference_order_id": "247457272351",
  "shipping_to": {
    "recipient": {
      "name": "Marge Simpson",
      "phone_number": "212-212-9823"
    },
    "address": {
      "address1": "40 Oak street",
      "address2": "",
      "city": "Altitude",
      "state": "MS",
      "zip_code": "38829"
    }
  },
  "status": "acknowledged"
}

f17833957cbb4ddc82703a7cec6cb847-----------------------------2017-12-21 21:18:25.4573---------------------------
/Service/InternalService.ashx?t=ShipOrder&jetDefinedOrderId=4f2fc03aa4c545da93862efb727a6071

9116a86d58d444d08ba1eb0445cd8f47-----------------------------2017-12-21 21:18:27.5575---------------------------
请求地址:https://merchant-api.jet.com/api/orders/4f2fc03aa4c545da93862efb727a6071/shipped,发送报文:{"alt_order_id":"873699361761","shipments":[{"alt_shipment_id":"","shipment_tracking_number":"shipment_tracking_number","":"1513862277000","response_shipment_method":"","expected_delivery_date":"NaN","ship_from_zip_code":"","carrier":"","carrier_pick_up_date":"NaN","redirect_notification":"","shipment_items":[{"merchant_sku":"","response_shipment_sku_quantity":,"response_shipment_cancel_qty":}]}]}

8510259593cd4d479b6df17ed138657b-----------------------------2017-12-21 21:36:24.2380---------------------------
/Service/InternalService.ashx?t=ShipOrder&jetDefinedOrderId=4f2fc03aa4c545da93862efb727a6071

ad637873343e45abb3e772ced0cc96dc-----------------------------2017-12-21 21:36:27.0452---------------------------
请求地址:https://merchant-api.jet.com/api/orders/4f2fc03aa4c545da93862efb727a6071/shipped,发送报文:{"alt_order_id":"873699361761","shipments":[{"alt_shipment_id":"11223344","shipment_tracking_number":"shipment_tracking_number","1Z12342452342":"2017-12-21T13:36:24.000Z","response_shipment_method":"ups_ground","expected_delivery_date":"2017-12-21T13:36:06.000Z","ship_from_zip_code":"12061","carrier":"UPS","carrier_pick_up_date":"2017-12-21T13:36:06.000Z","redirect_notification":"","shipment_items":[{"merchant_sku":"1233","response_shipment_sku_quantity":1,"response_shipment_cancel_qty":0}]}]}

7593c4c12d6b4a618889843ee570451e-----------------------------2017-12-21 21:39:14.5428---------------------------
/Service/InternalService.ashx?t=ShipOrder&jetDefinedOrderId=4f2fc03aa4c545da93862efb727a6071

0276f2f1bb194102841c17bb20cff423-----------------------------2017-12-21 21:39:17.3969---------------------------
请求地址:https://merchant-api.jet.com/api/orders/4f2fc03aa4c545da93862efb727a6071/shipped,发送报文:{"alt_order_id":"873699361761","shipments":[{"alt_shipment_id":"11223344","shipment_tracking_number":""1Z12342452342,"response_shipment_date":"2017-12-21T13:39:14.000Z","response_shipment_method":"ups_ground","expected_delivery_date":"2017-12-21T13:38:51.000Z","ship_from_zip_code":"12061","carrier":"UPS","carrier_pick_up_date":"2017-12-21T13:38:54.000Z","redirect_notification":"","shipment_items":[{"merchant_sku":"1233","response_shipment_sku_quantity":1,"response_shipment_cancel_qty":0}]}]}

d456bc2b142e4a66b8013ab12d5b4668-----------------------------2017-12-21 21:41:05.8281---------------------------
/Service/InternalService.ashx?t=ShipOrder&jetDefinedOrderId=4f2fc03aa4c545da93862efb727a6071

aa3715cb33b343f18b48fa2e8e092d46-----------------------------2017-12-21 21:41:08.1523---------------------------
请求地址:https://merchant-api.jet.com/api/orders/4f2fc03aa4c545da93862efb727a6071/shipped,发送报文:{"alt_order_id":"873699361761","shipments":[{"alt_shipment_id":"11223344","shipment_tracking_number":"1Z12342452342","response_shipment_date":"2017-12-21T13:41:05.000Z","response_shipment_method":"ups_ground","expected_delivery_date":"2017-12-21T13:40:50.000Z","ship_from_zip_code":"12061","carrier":"UPS","carrier_pick_up_date":"2017-12-21T13:40:52.000Z","redirect_notification":"","shipment_items":[{"merchant_sku":"1233","response_shipment_sku_quantity":1,"response_shipment_cancel_qty":0}]}]}

93acb0f704794c1ca16722ec7911b84d-----------------------------2017-12-21 21:54:05.6178---------------------------
/Service/InternalService.ashx?t=ShipOrder&jetDefinedOrderId=4f2fc03aa4c545da93862efb727a6071

5a42bccef9be40758fe9cad155784a37-----------------------------2017-12-21 21:57:07.8162---------------------------
请求地址:https://merchant-api.jet.com/api/orders/4f2fc03aa4c545da93862efb727a6071/shipped,发送报文:{"alt_order_id":"873699361761","shipments":[{"alt_shipment_id":"11223344","shipment_tracking_number":"1Z12342452342","response_shipment_date":"2017-12-21T13:54:05.000Z","response_shipment_method":"ups_ground","expected_delivery_date":"2017-12-21T13:40:50.000Z","ship_from_zip_code":"12061","carrier":"UPS","carrier_pick_up_date":"2017-12-21T13:40:52.000Z","redirect_notification":"","shipment_items":[{"merchant_sku":"1233","response_shipment_sku_quantity":1,"response_shipment_cancel_qty":0, "alt_shipment_item_id": "129900120"}]}]}
