
a366e14143b54847a3cd33ceb36f1d10-----------------------------2017-12-19 21:38:45.0389---------------------------
/Service/InternalService.ashx?t=SearchSKU&skuId=1233&_=1513690715335

9e3de5e927bb4fe192de9c8e5edbe92c-----------------------------2017-12-19 21:38:45.2299---------------------------
请求地址:https://merchant-api.jet.com/api/merchant-skus/1233

acc6e78c7d984137b019391eb16d6c26-----------------------------2017-12-19 21:38:47.4231---------------------------
请求服务获得返回:{
  "alternate_images": [
    {
      "image_url": "http://www.mydomain.com/images/myImage.png",
      "image_slot_id": 1
    },
    {
      "image_url": "http://www.mydomain.com/images/myImage.png",
      "image_slot_id": 2
    }
  ],
  "attributes_node_specific": [
    {
      "attribute_value": "80",
      "attribute_id": 95,
      "attribute_value_unit": "Count"
    },
    {
      "attribute_value": "Aqua",
      "attribute_id": 119
    },
    {
      "attribute_value": "Blue",
      "attribute_id": 2
    }
  ],
  "brand": "My Product's Brand",
  "bullets": [
    "This is bullet line 1",
    "This is bullet line 2"
  ],
  "correlation_id": "map_c58c6f0d52294906a3835ddbefedf0c7",
  "country_of_origin": "U.S.A.",
  "cpsia_cautionary_statements": [
    "choking hazard balloon",
    "choking hazard small parts"
  ],
  "display_height_inches": 14,
  "display_length_inches": 15,
  "display_width_inches": 12,
  "included_bullets": [
    "This is bullet line 1",
    "This is bullet line 2"
  ],
  "inventory_by_fulfillment_node": [
    {
      "fulfillment_node_id": "80a760157ee64efcabda2dd6c0a4f71a",
      "quantity": 130
    }
  ],
  "inventory_last_update": "2017-12-19T10:11:45+00:00",
  "jet_browse_node_id": 1000001,
  "legal_disclaimer_description": "Legal stuff goes here",
  "main_image_url": "http://www.mydomain.com/images/myImage.png",
  "manufacturer": "My Product's Manufacturer",
  "map_implementation": "102",
  "map_price": 6.49,
  "merchant_id": "c490821a3eed4c74b15355aa503d8dd7",
  "merchant_sku": "1233",
  "merchant_sku_id": "88625e1be9d343adaf2b8ff4fa9189e9",
  "mfr_part_number": "AB-9874",
  "msrp": 6.99,
  "multipack_quantity": 12,
  "not_included_bullets": [
    "This is bullet line 1",
    "This is bullet line 2"
  ],
  "number_units_for_price_per_unit": 1,
  "package_height_inches": 12,
  "package_length_inches": 12,
  "package_width_inches": 12,
  "price": 22,
  "price_last_update": "2017-12-12T09:44:44.0000000Z",
  "producer_id": "ironman",
  "product_description": "This is a terrific product that everyone should own.",
  "product_tax_code": "Generic Taxable Product",
  "product_title": "My Product1",
  "prop_65": true,
  "safety_warning": "warning text goes here",
  "shipping_weight_pounds": 10,
  "sku_created_date": "2017-12-12T09:29:35.2843565Z",
  "sku_last_update": "2017-12-16T00:29:20.0000000Z",
  "standard_product_codes": [
    {
      "standard_product_code_type": "UPC",
      "standard_product_code": "123456789012"
    }
  ],
  "status": "Under Jet Review",
  "sub_status": [],
  "swatch_image_url": "http://www.mydomain.com/images/myImage.png",
  "type_of_unit_for_price_per_unit": "each"
}

7522aa2432a9445080b78edcabe2564e-----------------------------2017-12-19 21:39:09.5243---------------------------
/Service/InternalService.ashx?t=SearchSKU&skuId=1233&_=1513690715336

1555e4e3168341a5b4de8a9eb842e53d-----------------------------2017-12-19 21:39:09.5243---------------------------
请求地址:https://merchant-api.jet.com/api/merchant-skus/1233

544cd1ee9f2041459e47ff2642b8dbfc-----------------------------2017-12-19 21:39:10.5724---------------------------
请求服务获得返回:{
  "alternate_images": [
    {
      "image_url": "http://www.mydomain.com/images/myImage.png",
      "image_slot_id": 1
    },
    {
      "image_url": "http://www.mydomain.com/images/myImage.png",
      "image_slot_id": 2
    }
  ],
  "attributes_node_specific": [
    {
      "attribute_value": "80",
      "attribute_id": 95,
      "attribute_value_unit": "Count"
    },
    {
      "attribute_value": "Aqua",
      "attribute_id": 119
    },
    {
      "attribute_value": "Blue",
      "attribute_id": 2
    }
  ],
  "brand": "My Product's Brand",
  "bullets": [
    "This is bullet line 1",
    "This is bullet line 2"
  ],
  "correlation_id": "map_c58c6f0d52294906a3835ddbefedf0c7",
  "country_of_origin": "U.S.A.",
  "cpsia_cautionary_statements": [
    "choking hazard balloon",
    "choking hazard small parts"
  ],
  "display_height_inches": 14,
  "display_length_inches": 15,
  "display_width_inches": 12,
  "included_bullets": [
    "This is bullet line 1",
    "This is bullet line 2"
  ],
  "inventory_by_fulfillment_node": [
    {
      "fulfillment_node_id": "80a760157ee64efcabda2dd6c0a4f71a",
      "quantity": 130
    }
  ],
  "inventory_last_update": "2017-12-19T10:11:45+00:00",
  "jet_browse_node_id": 1000001,
  "legal_disclaimer_description": "Legal stuff goes here",
  "main_image_url": "http://www.mydomain.com/images/myImage.png",
  "manufacturer": "My Product's Manufacturer",
  "map_implementation": "102",
  "map_price": 6.49,
  "merchant_id": "c490821a3eed4c74b15355aa503d8dd7",
  "merchant_sku": "1233",
  "merchant_sku_id": "88625e1be9d343adaf2b8ff4fa9189e9",
  "mfr_part_number": "AB-9874",
  "msrp": 6.99,
  "multipack_quantity": 12,
  "not_included_bullets": [
    "This is bullet line 1",
    "This is bullet line 2"
  ],
  "number_units_for_price_per_unit": 1,
  "package_height_inches": 12,
  "package_length_inches": 12,
  "package_width_inches": 12,
  "price": 22,
  "price_last_update": "2017-12-12T09:44:44.0000000Z",
  "producer_id": "ironman",
  "product_description": "This is a terrific product that everyone should own.",
  "product_tax_code": "Generic Taxable Product",
  "product_title": "My Product1",
  "prop_65": true,
  "safety_warning": "warning text goes here",
  "shipping_weight_pounds": 10,
  "sku_created_date": "2017-12-12T09:29:35.2843565Z",
  "sku_last_update": "2017-12-16T00:29:20.0000000Z",
  "standard_product_codes": [
    {
      "standard_product_code_type": "UPC",
      "standard_product_code": "123456789012"
    }
  ],
  "status": "Under Jet Review",
  "sub_status": [],
  "swatch_image_url": "http://www.mydomain.com/images/myImage.png",
  "type_of_unit_for_price_per_unit": "each"
}

08003d8048a64f8ea612dd5a3f0cd5f9-----------------------------2017-12-19 21:39:30.9885---------------------------
/Service/InternalService.ashx?t=SearchSKU&skuId=1233&_=1513690715337

a21f8bf11b5b4d8b8ac09cab2c1c7703-----------------------------2017-12-19 21:39:39.8821---------------------------
请求地址:https://merchant-api.jet.com/api/merchant-skus/1233

ad559e28e4774ee7b928acf208090291-----------------------------2017-12-19 21:39:40.4941---------------------------
请求服务获得返回:{
  "alternate_images": [
    {
      "image_url": "http://www.mydomain.com/images/myImage.png",
      "image_slot_id": 1
    },
    {
      "image_url": "http://www.mydomain.com/images/myImage.png",
      "image_slot_id": 2
    }
  ],
  "attributes_node_specific": [
    {
      "attribute_value": "80",
      "attribute_id": 95,
      "attribute_value_unit": "Count"
    },
    {
      "attribute_value": "Aqua",
      "attribute_id": 119
    },
    {
      "attribute_value": "Blue",
      "attribute_id": 2
    }
  ],
  "brand": "My Product's Brand",
  "bullets": [
    "This is bullet line 1",
    "This is bullet line 2"
  ],
  "correlation_id": "map_c58c6f0d52294906a3835ddbefedf0c7",
  "country_of_origin": "U.S.A.",
  "cpsia_cautionary_statements": [
    "choking hazard balloon",
    "choking hazard small parts"
  ],
  "display_height_inches": 14,
  "display_length_inches": 15,
  "display_width_inches": 12,
  "included_bullets": [
    "This is bullet line 1",
    "This is bullet line 2"
  ],
  "inventory_by_fulfillment_node": [
    {
      "fulfillment_node_id": "80a760157ee64efcabda2dd6c0a4f71a",
      "quantity": 130
    }
  ],
  "inventory_last_update": "2017-12-19T10:11:45+00:00",
  "jet_browse_node_id": 1000001,
  "legal_disclaimer_description": "Legal stuff goes here",
  "main_image_url": "http://www.mydomain.com/images/myImage.png",
  "manufacturer": "My Product's Manufacturer",
  "map_implementation": "102",
  "map_price": 6.49,
  "merchant_id": "c490821a3eed4c74b15355aa503d8dd7",
  "merchant_sku": "1233",
  "merchant_sku_id": "88625e1be9d343adaf2b8ff4fa9189e9",
  "mfr_part_number": "AB-9874",
  "msrp": 6.99,
  "multipack_quantity": 12,
  "not_included_bullets": [
    "This is bullet line 1",
    "This is bullet line 2"
  ],
  "number_units_for_price_per_unit": 1,
  "package_height_inches": 12,
  "package_length_inches": 12,
  "package_width_inches": 12,
  "price": 22,
  "price_last_update": "2017-12-12T09:44:44.0000000Z",
  "producer_id": "ironman",
  "product_description": "This is a terrific product that everyone should own.",
  "product_tax_code": "Generic Taxable Product",
  "product_title": "My Product1",
  "prop_65": true,
  "safety_warning": "warning text goes here",
  "shipping_weight_pounds": 10,
  "sku_created_date": "2017-12-12T09:29:35.2843565Z",
  "sku_last_update": "2017-12-16T00:29:20.0000000Z",
  "standard_product_codes": [
    {
      "standard_product_code_type": "UPC",
      "standard_product_code": "123456789012"
    }
  ],
  "status": "Under Jet Review",
  "sub_status": [],
  "swatch_image_url": "http://www.mydomain.com/images/myImage.png",
  "type_of_unit_for_price_per_unit": "each"
}
