
1b430a2306274702a348e14bd67ee9c8-----------------------------2017-12-22 09:00:21.0923---------------------------
请求地址:https://merchant-api.jet.com/api/orders/8eaf3736eded4c988478e687b04d37de/shipped,发送报文:{"alt_order_id":"574923840190","shipments":[{"alt_shipment_id":"231312","shipment_tracking_number":"1Z123456789101112131415","response_shipment_date":"2017-12-21T05:02:03.0000000-05:02","response_shipment_method":"FedEx Ground","expected_delivery_date":"2017-12-21T07:03:04.0000000-07:03","ship_from_zip_code":"07030","carrier":"UPS","carrier_pick_up_date":"2017-12-22T09:04:06.0000000-09:04","shipment_items":[{"merchant_sku":"1234","response_shipment_sku_quantity":1,"response_shipment_cancel_qty":0}]}]}

26cb44bb06df442794720bdf2abbcf1d-----------------------------2017-12-22 09:07:11.4647---------------------------
/Service/InternalService.ashx?t=ShipOrder&jetDefinedOrderId=8eaf3736eded4c988478e687b04d37de

b3098bc07e4c4dc3a82aff29d1e3c24c-----------------------------2017-12-22 09:07:11.6785---------------------------
请求地址:https://merchant-api.jet.com/api/orders/8eaf3736eded4c988478e687b04d37de/shipped,发送报文:{"alt_order_id":"574923840190","shipments":[{"alt_shipment_id":"231312","shipment_tracking_number":"1Z123456789101112131415","response_shipment_date":"2017-12-21T05:02:03.0000000-05:02","response_shipment_method":"FedEx Ground","expected_delivery_date":"2017-12-21T07:03:04.0000000-07:03","ship_from_zip_code":"07030","carrier":"UPS","carrier_pick_up_date":"2017-12-22T09:04:06.0000000-09:04","shipment_items":[{"merchant_sku":"1234","response_shipment_sku_quantity":1,"response_shipment_cancel_qty":0}]}]}

749195a7972148b781caa67775a714a5-----------------------------2017-12-22 09:07:21.6514---------------------------
/Service/InternalService.ashx?t=ShipOrder&jetDefinedOrderId=8eaf3736eded4c988478e687b04d37de

537ae8c4eee54c278ce23575da1c4a33-----------------------------2017-12-22 09:20:17.7822---------------------------
请求地址:https://merchant-api.jet.com/api/orders/8eaf3736eded4c988478e687b04d37de/shipped,发送报文:{"alt_order_id":"574923840190","shipments":[{"alt_shipment_id":"231312","shipment_tracking_number":"1Z123456789101112131415","response_shipment_date":"2017-12-21T05:02:03.0000000-05:02","response_shipment_method":"FedEx Ground","expected_delivery_date":"2017-12-21T07:03:04.0000000-07:03","ship_from_zip_code":"07030","carrier":"UPS","carrier_pick_up_date":"2017-12-22T09:04:06.0000000-09:04","shipment_items":[{"merchant_sku":"1234","response_shipment_sku_quantity":1,"response_shipment_cancel_qty":0}]}]}

be1ad53d5fd94e1ebbf2736e100c2911-----------------------------2017-12-22 09:20:57.9165---------------------------
/Service/InternalService.ashx?t=QueryOrderDetail&jetDefinedOrderId=9ecbac5af5244424a2727c325725533e&_=1513905657860

a86f4e653dbe4b56a57c77eb52f9623d-----------------------------2017-12-22 09:20:57.9165---------------------------
请求地址:https://merchant-api.jet.com/api/orders/withoutShipmentDetail/9ecbac5af5244424a2727c325725533e

370da97cb37f46c4ae6c99b8996eaf23-----------------------------2017-12-22 09:20:59.1961---------------------------
请求服务获得返回:{
  "alt_order_id": "087882510526",
  "buyer": {
    "name": "Maggie Simpson",
    "phone_number": "212-212-5508"
  },
  "customer_reference_order_id": "954569093598",
  "fulfillment_node": "80a760157ee64efcabda2dd6c0a4f71a",
  "has_shipments": false,
  "hash_email": "580412499853@customer.jet.com",
  "jet_request_directed_cancel": false,
  "merchant_order_id": "9ecbac5af5244424a2727c325725533e",
  "order_detail": {
    "request_shipping_method": "FedEx Ground",
    "request_shipping_carrier": "FedEx",
    "request_service_level": "Standard",
    "request_ship_by": "2017-12-22T05:34:19.1979083Z",
    "request_delivery_by": "2017-12-23T05:34:19.1979083Z"
  },
  "order_items": [
    {
      "order_item_id": "b1fc987e25e74fc09e1b61f14942bcd8",
      "merchant_sku": "1233",
      "request_order_quantity": 1,
      "request_order_cancel_qty": 0,
      "item_tax_code": "",
      "item_price": {
        "item_tax": null,
        "item_shipping_cost": 3.69,
        "item_shipping_tax": null,
        "base_price": 123
      },
      "product_title": "My Product1",
      "url": "http://www.jet.com/api/merchant_skus/1233"
    },
    {
      "order_item_id": "90ffed68442b431eb1bd25a21dceb4f8",
      "merchant_sku": "1234",
      "request_order_quantity": 1,
      "request_order_cancel_qty": 0,
      "item_tax_code": "",
      "item_price": {
        "item_tax": null,
        "item_shipping_cost": 1.05,
        "item_shipping_tax": null,
        "base_price": 21
      },
      "product_title": "prod tommy ",
      "url": "http://www.jet.com/api/merchant_skus/1234"
    }
  ],
  "order_placed_date": "2017-12-21T05:33:19.1979083Z",
  "order_totals": {
    "item_price": {
      "item_tax": null,
      "item_shipping_cost": 4.74,
      "item_shipping_tax": null,
      "base_price": 144
    }
  },
  "order_transmission_date": "2017-12-21T05:34:19.1979083Z",
  "reference_order_id": "146066449050",
  "shipping_to": {
    "recipient": {
      "name": "Homer Simpson",
      "phone_number": "212-212-7042"
    },
    "address": {
      "address1": "55 Birch street",
      "address2": "",
      "city": "Altitude",
      "state": "MS",
      "zip_code": "38829"
    }
  },
  "status": "ready"
}

377e4bc381474df29ac44af7fb1c8a8b-----------------------------2017-12-22 09:21:03.8946---------------------------
/Service/InternalService.ashx?t=AcknowledgeOrder&jetDefinedOrderId=9ecbac5af5244424a2727c325725533e&data={%22acknowledgement_status%22:%22accepted%22,%22alt_order_id%22:%22087882510526%22,%22order_items%22:[{%22order_item_acknowledgement_status%22:%22fulfillable%22,%22order_item_id%22:%22b1fc987e25e74fc09e1b61f14942bcd8%22}{%22order_item_acknowledgement_status%22:%22fulfillable%22,%22order_item_id%22:%2290ffed68442b431eb1bd25a21dceb4f8%22}]}&_=1513905657861

ca96239816e343dca76d9d716c870cf3-----------------------------2017-12-22 09:21:03.8946---------------------------
请求地址:https://merchant-api.jet.com/api/orders/9ecbac5af5244424a2727c325725533e/acknowledge,发送报文:{"acknowledgement_status":"accepted","alt_order_id":"087882510526","order_items":[{"order_item_acknowledgement_status":"fulfillable","order_item_id":"b1fc987e25e74fc09e1b61f14942bcd8"}{"order_item_acknowledgement_status":"fulfillable","order_item_id":"90ffed68442b431eb1bd25a21dceb4f8"}]}

f9a5112b80984ee391bf1e7178438f0e-----------------------------2017-12-22 09:21:32.9496---------------------------
/Service/InternalService.ashx?t=AcknowledgeOrder&jetDefinedOrderId=9ecbac5af5244424a2727c325725533e&data={%22acknowledgement_status%22:%22accepted%22,%22alt_order_id%22:%22087882510526%22,%22order_items%22:[{%22order_item_acknowledgement_status%22:%22fulfillable%22,%22order_item_id%22:%22b1fc987e25e74fc09e1b61f14942bcd8%22}{%22order_item_acknowledgement_status%22:%22fulfillable%22,%22order_item_id%22:%2290ffed68442b431eb1bd25a21dceb4f8%22}]}&_=1513905657862

361e1eb904634e6c8725d9bf18cc65eb-----------------------------2017-12-22 09:22:18.0430---------------------------
请求地址:https://merchant-api.jet.com/api/orders/9ecbac5af5244424a2727c325725533e/acknowledge,发送报文:{"acknowledgement_status":"accepted","alt_order_id":"087882510526","order_items":[{"order_item_acknowledgement_status":"fulfillable","order_item_id":"b1fc987e25e74fc09e1b61f14942bcd8"}{"order_item_acknowledgement_status":"fulfillable","order_item_id":"90ffed68442b431eb1bd25a21dceb4f8"}]}

5d5960afc30b48d2944c6e450a391c6f-----------------------------2017-12-22 09:22:38.0773---------------------------
/Service/InternalService.ashx?t=AcknowledgeOrder&jetDefinedOrderId=9ecbac5af5244424a2727c325725533e&data={%22acknowledgement_status%22:%22accepted%22,%22alt_order_id%22:%22087882510526%22,%22order_items%22:[{%22order_item_acknowledgement_status%22:%22fulfillable%22,%22order_item_id%22:%22b1fc987e25e74fc09e1b61f14942bcd8%22}{%22order_item_acknowledgement_status%22:%22fulfillable%22,%22order_item_id%22:%2290ffed68442b431eb1bd25a21dceb4f8%22}]}&_=1513905657863

fb8d3e688d014cd2a3e9308e7fc8729a-----------------------------2017-12-22 09:23:05.6207---------------------------
请求地址:https://merchant-api.jet.com/api/orders/9ecbac5af5244424a2727c325725533e/acknowledge,发送报文:{"acknowledgement_status":"accepted","order_items":[{"order_item_acknowledgement_status":"fulfillable","order_item_id":"b1fc987e25e74fc09e1b61f14942bcd8"}{"order_item_acknowledgement_status":"fulfillable","order_item_id":"90ffed68442b431eb1bd25a21dceb4f8"}]}

a9397cdc258f49d0b1566970c9b22de1-----------------------------2017-12-22 09:24:08.4955---------------------------
/Service/InternalService.ashx?t=AcknowledgeOrder&jetDefinedOrderId=9ecbac5af5244424a2727c325725533e&data={%22acknowledgement_status%22:%22accepted%22,%22alt_order_id%22:%22087882510526%22,%22order_items%22:[{%22order_item_acknowledgement_status%22:%22fulfillable%22,%22order_item_id%22:%22b1fc987e25e74fc09e1b61f14942bcd8%22}{%22order_item_acknowledgement_status%22:%22fulfillable%22,%22order_item_id%22:%2290ffed68442b431eb1bd25a21dceb4f8%22}]}&_=1513905657864

0032d467b78c49ed8c08dfaa9e487bc7-----------------------------2017-12-22 09:26:18.8708---------------------------
请求地址:https://merchant-api.jet.com/api/orders/9ecbac5af5244424a2727c325725533e/acknowledge,发送报文:{"acknowledgement_status":"accepted","alt_order_id":"087882510526","order_items":[{"order_item_acknowledgement_status":"fulfillable","order_item_id":"b1fc987e25e74fc09e1b61f14942bcd8"}{"order_item_acknowledgement_status":"fulfillable","order_item_id":"90ffed68442b431eb1bd25a21dceb4f8"}]}

a2fad68371344eb6a1586e1fe9f4607d-----------------------------2017-12-22 09:28:25.9523---------------------------
/Service/InternalService.ashx?t=QueryOrderDetail&jetDefinedOrderId=9ecbac5af5244424a2727c325725533e&_=1513906105903

97000ae3c0c14d5d95f910b9e18e3574-----------------------------2017-12-22 09:28:25.9523---------------------------
请求地址:https://merchant-api.jet.com/api/orders/withoutShipmentDetail/9ecbac5af5244424a2727c325725533e

aacf8992c3e8417b82d9bb132d58e46c-----------------------------2017-12-22 09:28:27.0651---------------------------
请求服务获得返回:{
  "alt_order_id": "087882510526",
  "buyer": {
    "name": "Maggie Simpson",
    "phone_number": "212-212-5508"
  },
  "customer_reference_order_id": "954569093598",
  "fulfillment_node": "80a760157ee64efcabda2dd6c0a4f71a",
  "has_shipments": false,
  "hash_email": "580412499853@customer.jet.com",
  "jet_request_directed_cancel": false,
  "merchant_order_id": "9ecbac5af5244424a2727c325725533e",
  "order_detail": {
    "request_shipping_method": "FedEx Ground",
    "request_shipping_carrier": "FedEx",
    "request_service_level": "Standard",
    "request_ship_by": "2017-12-22T05:34:19.1979083Z",
    "request_delivery_by": "2017-12-23T05:34:19.1979083Z"
  },
  "order_items": [
    {
      "order_item_id": "b1fc987e25e74fc09e1b61f14942bcd8",
      "merchant_sku": "1233",
      "request_order_quantity": 1,
      "request_order_cancel_qty": 0,
      "item_tax_code": "",
      "item_price": {
        "item_tax": null,
        "item_shipping_cost": 3.69,
        "item_shipping_tax": null,
        "base_price": 123
      },
      "product_title": "My Product1",
      "url": "http://www.jet.com/api/merchant_skus/1233"
    },
    {
      "order_item_id": "90ffed68442b431eb1bd25a21dceb4f8",
      "merchant_sku": "1234",
      "request_order_quantity": 1,
      "request_order_cancel_qty": 0,
      "item_tax_code": "",
      "item_price": {
        "item_tax": null,
        "item_shipping_cost": 1.05,
        "item_shipping_tax": null,
        "base_price": 21
      },
      "product_title": "prod tommy ",
      "url": "http://www.jet.com/api/merchant_skus/1234"
    }
  ],
  "order_placed_date": "2017-12-21T05:33:19.1979083Z",
  "order_totals": {
    "item_price": {
      "item_tax": null,
      "item_shipping_cost": 4.74,
      "item_shipping_tax": null,
      "base_price": 144
    }
  },
  "order_transmission_date": "2017-12-21T05:34:19.1979083Z",
  "reference_order_id": "146066449050",
  "shipping_to": {
    "recipient": {
      "name": "Homer Simpson",
      "phone_number": "212-212-7042"
    },
    "address": {
      "address1": "55 Birch street",
      "address2": "",
      "city": "Altitude",
      "state": "MS",
      "zip_code": "38829"
    }
  },
  "status": "ready"
}

4fe4b7ab17f5484e9de7de414198f783-----------------------------2017-12-22 09:29:07.0788---------------------------
/Service/InternalService.ashx?t=QueryOrderDetail&jetDefinedOrderId=9ecbac5af5244424a2727c325725533e&_=1513906146959

0aa4274afe62486ba62dbcefd899a0c0-----------------------------2017-12-22 09:29:07.0788---------------------------
请求地址:https://merchant-api.jet.com/api/orders/withoutShipmentDetail/9ecbac5af5244424a2727c325725533e

84ed1fa34ec8464f8c19831ea7871b2b-----------------------------2017-12-22 09:29:07.5451---------------------------
请求服务获得返回:{
  "alt_order_id": "087882510526",
  "buyer": {
    "name": "Maggie Simpson",
    "phone_number": "212-212-5508"
  },
  "customer_reference_order_id": "954569093598",
  "fulfillment_node": "80a760157ee64efcabda2dd6c0a4f71a",
  "has_shipments": false,
  "hash_email": "580412499853@customer.jet.com",
  "jet_request_directed_cancel": false,
  "merchant_order_id": "9ecbac5af5244424a2727c325725533e",
  "order_detail": {
    "request_shipping_method": "FedEx Ground",
    "request_shipping_carrier": "FedEx",
    "request_service_level": "Standard",
    "request_ship_by": "2017-12-22T05:34:19.1979083Z",
    "request_delivery_by": "2017-12-23T05:34:19.1979083Z"
  },
  "order_items": [
    {
      "order_item_id": "b1fc987e25e74fc09e1b61f14942bcd8",
      "merchant_sku": "1233",
      "request_order_quantity": 1,
      "request_order_cancel_qty": 0,
      "item_tax_code": "",
      "item_price": {
        "item_tax": null,
        "item_shipping_cost": 3.69,
        "item_shipping_tax": null,
        "base_price": 123
      },
      "product_title": "My Product1",
      "url": "http://www.jet.com/api/merchant_skus/1233"
    },
    {
      "order_item_id": "90ffed68442b431eb1bd25a21dceb4f8",
      "merchant_sku": "1234",
      "request_order_quantity": 1,
      "request_order_cancel_qty": 0,
      "item_tax_code": "",
      "item_price": {
        "item_tax": null,
        "item_shipping_cost": 1.05,
        "item_shipping_tax": null,
        "base_price": 21
      },
      "product_title": "prod tommy ",
      "url": "http://www.jet.com/api/merchant_skus/1234"
    }
  ],
  "order_placed_date": "2017-12-21T05:33:19.1979083Z",
  "order_totals": {
    "item_price": {
      "item_tax": null,
      "item_shipping_cost": 4.74,
      "item_shipping_tax": null,
      "base_price": 144
    }
  },
  "order_transmission_date": "2017-12-21T05:34:19.1979083Z",
  "reference_order_id": "146066449050",
  "shipping_to": {
    "recipient": {
      "name": "Homer Simpson",
      "phone_number": "212-212-7042"
    },
    "address": {
      "address1": "55 Birch street",
      "address2": "",
      "city": "Altitude",
      "state": "MS",
      "zip_code": "38829"
    }
  },
  "status": "ready"
}

10b5ea7a76ab4578bb2f18607460cc12-----------------------------2017-12-22 09:29:08.9611---------------------------
/Service/InternalService.ashx?t=AcknowledgeOrder&jetDefinedOrderId=9ecbac5af5244424a2727c325725533e&data={%22acknowledgement_status%22:%22accepted%22,%22alt_order_id%22:%22087882510526%22,%22order_items%22:[{%22order_item_acknowledgement_status%22:%22fulfillable%22,%22order_item_id%22:%22b1fc987e25e74fc2069e1b61f14942bcd8%22},{%22order_item_acknowledgement_status%22:%22fulfillable%22,%22order_item_id%22:%2290ffed68442b431eb1bd25a21dceb4f8%22},]}&_=1513906146960

2dbda52e6ab5419b91441f265f6d2392-----------------------------2017-12-22 09:29:34.5614---------------------------
请求地址:https://merchant-api.jet.com/api/orders/9ecbac5af5244424a2727c325725533e/acknowledge,发送报文:{"acknowledgement_status":"accepted","alt_order_id":"087882510526","order_items":[{"order_item_acknowledgement_status":"fulfillable","order_item_id":"b1fc987e25e74fc2069e1b61f14942bcd8"},{"order_item_acknowledgement_status":"fulfillable","order_item_id":"90ffed68442b431eb1bd25a21dceb4f8"},]}

e7e0c3b102bc43c7b6c835d3506f7b5c-----------------------------2017-12-22 09:29:54.2470---------------------------
/Service/InternalService.ashx?t=QueryOrderDetail&jetDefinedOrderId=9ecbac5af5244424a2727c325725533e&_=1513906194153

074172cfdf2b4ec9aa30f634ea5452c4-----------------------------2017-12-22 09:29:54.2470---------------------------
请求地址:https://merchant-api.jet.com/api/orders/withoutShipmentDetail/9ecbac5af5244424a2727c325725533e

731e87f27c2444fba34b7a69ef1021ac-----------------------------2017-12-22 09:29:55.5009---------------------------
请求服务获得返回:{
  "alt_order_id": "087882510526",
  "buyer": {
    "name": "Maggie Simpson",
    "phone_number": "212-212-5508"
  },
  "customer_reference_order_id": "954569093598",
  "fulfillment_node": "80a760157ee64efcabda2dd6c0a4f71a",
  "has_shipments": false,
  "hash_email": "580412499853@customer.jet.com",
  "jet_request_directed_cancel": false,
  "merchant_order_id": "9ecbac5af5244424a2727c325725533e",
  "order_detail": {
    "request_shipping_method": "FedEx Ground",
    "request_shipping_carrier": "FedEx",
    "request_service_level": "Standard",
    "request_ship_by": "2017-12-22T05:34:19.1979083Z",
    "request_delivery_by": "2017-12-23T05:34:19.1979083Z"
  },
  "order_items": [
    {
      "order_item_id": "b1fc987e25e74fc09e1b61f14942bcd8",
      "merchant_sku": "1233",
      "request_order_quantity": 1,
      "request_order_cancel_qty": 0,
      "item_tax_code": "",
      "item_price": {
        "item_tax": null,
        "item_shipping_cost": 3.69,
        "item_shipping_tax": null,
        "base_price": 123
      },
      "product_title": "My Product1",
      "url": "http://www.jet.com/api/merchant_skus/1233"
    },
    {
      "order_item_id": "90ffed68442b431eb1bd25a21dceb4f8",
      "merchant_sku": "1234",
      "request_order_quantity": 1,
      "request_order_cancel_qty": 0,
      "item_tax_code": "",
      "item_price": {
        "item_tax": null,
        "item_shipping_cost": 1.05,
        "item_shipping_tax": null,
        "base_price": 21
      },
      "product_title": "prod tommy ",
      "url": "http://www.jet.com/api/merchant_skus/1234"
    }
  ],
  "order_placed_date": "2017-12-21T05:33:19.1979083Z",
  "order_totals": {
    "item_price": {
      "item_tax": null,
      "item_shipping_cost": 4.74,
      "item_shipping_tax": null,
      "base_price": 144
    }
  },
  "order_transmission_date": "2017-12-21T05:34:19.1979083Z",
  "reference_order_id": "146066449050",
  "shipping_to": {
    "recipient": {
      "name": "Homer Simpson",
      "phone_number": "212-212-7042"
    },
    "address": {
      "address1": "55 Birch street",
      "address2": "",
      "city": "Altitude",
      "state": "MS",
      "zip_code": "38829"
    }
  },
  "status": "ready"
}

4b19e4fa2cd744bbbe78eb7566be4b65-----------------------------2017-12-22 09:29:57.3774---------------------------
/Service/InternalService.ashx?t=AcknowledgeOrder&jetDefinedOrderId=9ecbac5af5244424a2727c325725533e&data={%22acknowledgement_status%22:%22accepted%22,%22alt_order_id%22:%22087882510526%22,%22order_items%22:[{%22order_item_acknowledgement_status%22:%22fulfillable%22,%22order_item_id%22:%22b1fc987e25e74fc09e1b61f14942bcd8%22},{%22order_item_acknowledgement_status%22:%22fulfillable%22,%22order_item_id%22:%2290ffed68442b431eb1bd25a21dceb4f8%22}]}&_=1513906194154

1c24c0afcc364bcab454eef5eb53d0e5-----------------------------2017-12-22 09:30:01.6089---------------------------
请求地址:https://merchant-api.jet.com/api/orders/9ecbac5af5244424a2727c325725533e/acknowledge,发送报文:{"acknowledgement_status":"accepted","alt_order_id":"087882510526","order_items":[{"order_item_acknowledgement_status":"fulfillable","order_item_id":"b1fc987e25e74fc09e1b61f14942bcd8"},{"order_item_acknowledgement_status":"fulfillable","order_item_id":"90ffed68442b431eb1bd25a21dceb4f8"}]}

07637cc7634f4a05b0ca8083e24bc92d-----------------------------2017-12-22 09:32:42.1910---------------------------
/Service/InternalService.ashx?t=ShipOrder&jetDefinedOrderId=9ecbac5af5244424a2727c325725533e

83b9af4fdfb0404bb3e69d99beabae91-----------------------------2017-12-22 09:32:55.1453---------------------------
/Service/InternalService.ashx?t=ShipOrder&jetDefinedOrderId=9ecbac5af5244424a2727c325725533e

a77efc059abf419cbf1139ebbf4b9659-----------------------------2017-12-22 09:32:56.8886---------------------------
/Service/InternalService.ashx?t=ShipOrder&jetDefinedOrderId=9ecbac5af5244424a2727c325725533e

7c52de61d0af46a9b903dfb6c0398024-----------------------------2017-12-22 09:33:12.8018---------------------------
/Service/InternalService.ashx?t=ShipOrder&jetDefinedOrderId=9ecbac5af5244424a2727c325725533e

215c3230b0284c82828c24c9f201aa62-----------------------------2017-12-22 09:33:32.7208---------------------------
/Service/InternalService.ashx?t=ShipOrder&jetDefinedOrderId=9ecbac5af5244424a2727c325725533e

37a918feb87842ccb4b681932acad5ac-----------------------------2017-12-22 09:34:06.0334---------------------------
/Service/InternalService.ashx?t=ShipOrder&jetDefinedOrderId=9ecbac5af5244424a2727c325725533e

67438bf57bfd4bb995d1ec91db60c379-----------------------------2017-12-22 09:34:25.6800---------------------------
/Service/InternalService.ashx?t=ShipOrder&jetDefinedOrderId=9ecbac5af5244424a2727c325725533e

1cb3bd3fd3bc4667aeec135b379da40d-----------------------------2017-12-22 09:35:11.8114---------------------------
/Service/InternalService.ashx?t=ShipOrder&jetDefinedOrderId=9ecbac5af5244424a2727c325725533e

6d9e87d71bcc4a97adad9e1616a832fc-----------------------------2017-12-22 09:35:26.3542---------------------------
/Service/InternalService.ashx?t=ShipOrder&jetDefinedOrderId=9ecbac5af5244424a2727c325725533e

d62fe91998e34fbf9fbd4d41b50aba73-----------------------------2017-12-22 09:35:26.3542---------------------------
请求地址:https://merchant-api.jet.com/api/orders/9ecbac5af5244424a2727c325725533e/shipped,发送报文:{"alt_order_id":"087882510526","shipments":[{"alt_shipment_id":"231231","shipment_tracking_number":"1Z123456789101112131415","response_shipment_date":"2017-12-21T07:04:04.0000000-07:04","response_shipment_method":"FedEx Ground","expected_delivery_date":"2017-12-21T07:03:04.0000000-07:03","ship_from_zip_code":"07030","carrier":"FedEx","shipment_items":[{"merchant_sku":"1233","response_shipment_sku_quantity":1,"response_shipment_cancel_qty":0},{"merchant_sku":"1234","response_shipment_sku_quantity":1,"response_shipment_cancel_qty":0}]}]}

df713c7d099845439a55285bc803ac65-----------------------------2017-12-22 09:59:21.7693---------------------------
/Service/InternalService.ashx?t=QueryOrder&status=inprogress&isCancel=0&nodeId=80a760157ee64efcabda2dd6c0a4f71a&_=1513903914793

785e0ff5158c4284aafd36e66321dab7-----------------------------2017-12-22 09:59:21.7693---------------------------
请求地址:https://merchant-api.jet.com/api/orders/inprogress?isCancelled=False&fulfillment_node=80a760157ee64efcabda2dd6c0a4f71a

f58351251e3547fe8ca1e38f07afc563-----------------------------2017-12-22 09:59:22.7747---------------------------
请求服务获得返回:{
  "order_urls": []
}

1b73adb1d55341d8853ef0b973cccf46-----------------------------2017-12-22 09:59:28.8518---------------------------
/Service/InternalService.ashx?t=QueryOrder&status=complete&isCancel=0&nodeId=80a760157ee64efcabda2dd6c0a4f71a&_=1513903914794

824d946c92f8495f912d151104f1c463-----------------------------2017-12-22 09:59:28.8518---------------------------
请求地址:https://merchant-api.jet.com/api/orders/complete?isCancelled=False&fulfillment_node=80a760157ee64efcabda2dd6c0a4f71a

e5c69fe7ce774a5da4a977d6bf4af32a-----------------------------2017-12-22 09:59:29.3057---------------------------
请求服务获得返回:{
  "order_urls": [
    "/orders/withoutShipmentDetail/4f2fc03aa4c545da93862efb727a6071",
    "/orders/withoutShipmentDetail/8eaf3736eded4c988478e687b04d37de",
    "/orders/withoutShipmentDetail/9ecbac5af5244424a2727c325725533e"
  ]
}
